AMX_ANNOTATION_description=Instance= 121.40.208.124:8086, Service/Job =DSPServer is down for more than 10 sec.
HOSTNAME=iZbp13qv7dfxfuxzm9jr9mZ
AMX_ALERT_1_ANNOTATION_description=Instance= 121.40.208.124:8086, Service/Job =DSPServer is down for more than 10 sec.
AMX_LABEL_instance=121.40.208.124:8086
AMX_ALERT_1_START=1558973798
AMX_LABEL_severity=page
AMX_ALERT_1_STATUS=firing
AMX_ALERT_1_LABEL_instance=121.40.208.124:8086
AMX_ALERT_1_ANNOTATION_summary=Instance 121.40.208.124:8086 down
AMX_LABEL_alertname=DSPServerMiddleDown
AMX_ALERT_1_LABEL_severity=page
AMX_EXTERNAL_URL=http://iZbp13qv7dfxfuxzm9jr9mZ:9093
AMX_ALERT_1_LABEL_name=DSPServer
AMX_ALERT_LEN=1
PATH=/usr/local/sbin:/usr/local/bin:/usr/sbin:/usr/bin:/sbin:/bin
AMX_ALERT_1_URL=http://influxdb:9090/graph?g0.expr=absent%28container_memory_usage_bytes%7Binstance%3D%22121.40.208.124%3A8086%22%2Cname%3D%22DSPServer%22%7D%29&g0.tab=1
PWD=/
AMX_ANNOTATION_summary=Instance 121.40.208.124:8086 down
AMX_LABEL_name=DSPServer
SHLVL=1
HOME=/root
AMX_ALERT_1_LABEL_alertname=DSPServerMiddleDown
AMX_ALERT_1_END=0
AMX_RECEIVER=executor
AMX_STATUS=firing
_=/usr/bin/env
DSPServerMiddleDown
AMX_ALERT_3_LABEL_name=DSPServer
AMX_ALERT_2_LABEL_alertname=DSPResourcedMiddleDown
HOSTNAME=iZbp13qv7dfxfuxzm9jr9mZ
AMX_ALERT_1_ANNOTATION_description=Instance= 121.40.208.124:8086, Service/Job =DSPData is down for more than 10 sec.
AMX_LABEL_instance=121.40.208.124:8086
AMX_ALERT_3_LABEL_severity=page
AMX_ALERT_1_START=1558973798
AMX_LABEL_severity=page
AMX_ALERT_1_STATUS=firing
AMX_ALERT_3_ANNOTATION_summary=Instance 121.40.208.124:8086 down
AMX_ALERT_1_LABEL_instance=121.40.208.124:8086
AMX_ALERT_2_STATUS=firing
AMX_ALERT_2_ANNOTATION_description=Instance= 121.40.208.124:8086, Service/Job =DSPResourced is down for more than 10 sec.
AMX_ALERT_1_ANNOTATION_summary=Instance 121.40.208.124:8086 down
AMX_ALERT_2_START=1558973798
AMX_ALERT_2_URL=http://influxdb:9090/graph?g0.expr=absent%28container_memory_usage_bytes%7Binstance%3D%22121.40.208.124%3A8086%22%2Cname%3D%22DSPResourced%22%7D%29&g0.tab=1
AMX_ALERT_3_END=0
AMX_ALERT_2_LABEL_instance=121.40.208.124:8086
AMX_ALERT_1_LABEL_severity=page
AMX_EXTERNAL_URL=http://iZbp13qv7dfxfuxzm9jr9mZ:9093
AMX_ALERT_1_LABEL_name=DSPData
AMX_ALERT_LEN=3
PATH=/usr/local/sbin:/usr/local/bin:/usr/sbin:/usr/bin:/sbin:/bin
AMX_ALERT_3_START=1558973798
AMX_ALERT_1_URL=http://influxdb:9090/graph?g0.expr=absent%28container_memory_usage_bytes%7Binstance%3D%22121.40.208.124%3A8086%22%2Cname%3D%22DSPData%22%7D%29&g0.tab=1
PWD=/
AMX_ANNOTATION_summary=Instance 121.40.208.124:8086 down
AMX_ALERT_3_STATUS=firing
AMX_ALERT_3_LABEL_instance=121.40.208.124:8086
AMX_ALERT_3_LABEL_alertname=DSPServerMiddleDown
AMX_ALERT_2_END=0
AMX_ALERT_3_URL=http://influxdb:9090/graph?g0.expr=absent%28container_memory_usage_bytes%7Binstance%3D%22121.40.208.124%3A8086%22%2Cname%3D%22DSPServer%22%7D%29&g0.tab=1
SHLVL=1
HOME=/root
AMX_ALERT_1_LABEL_alertname=DSPDataMiddleDown
AMX_ALERT_3_ANNOTATION_description=Instance= 121.40.208.124:8086, Service/Job =DSPServer is down for more than 10 sec.
AMX_ALERT_2_ANNOTATION_summary=Instance 121.40.208.124:8086 down
AMX_ALERT_1_END=0
AMX_ALERT_2_LABEL_name=DSPResourced
AMX_ALERT_2_LABEL_severity=page
AMX_RECEIVER=executor
AMX_STATUS=firing
_=/usr/bin/env
DSPDataMiddleDown
DSPResourcedMiddleDown
DSPServerMiddleDown
AMX_ALERT_3_LABEL_name=DSPServer
AMX_ALERT_2_LABEL_alertname=DSPResourcedMiddleDown
HOSTNAME=iZbp13qv7dfxfuxzm9jr9mZ
AMX_ALERT_1_ANNOTATION_description=Instance= 121.40.208.124:8086, Service/Job =DSPData is down for more than 10 sec.
AMX_ALERT_3_LABEL_severity=page
AMX_ALERT_1_START=1558973798
AMX_LABEL_severity=page
AMX_ALERT_1_STATUS=firing
AMX_ALERT_3_ANNOTATION_summary=Instance 121.40.208.124:8086 down
AMX_ALERT_1_LABEL_instance=121.40.208.124:8086
AMX_ALERT_4_URL=http://influxdb:9090/graph?g0.expr=absent%28container_memory_usage_bytes%7Binstance%3D%22121.41.31.197%3A8086%22%2Cname%3D%22DSPData%22%7D%29&g0.tab=1
AMX_ALERT_2_STATUS=firing
AMX_ALERT_2_ANNOTATION_description=Instance= 121.40.208.124:8086, Service/Job =DSPResourced is down for more than 10 sec.
AMX_ALERT_1_ANNOTATION_summary=Instance 121.40.208.124:8086 down
AMX_ALERT_2_START=1558973798
AMX_ALERT_2_URL=http://influxdb:9090/graph?g0.expr=absent%28container_memory_usage_bytes%7Binstance%3D%22121.40.208.124%3A8086%22%2Cname%3D%22DSPResourced%22%7D%29&g0.tab=1
AMX_ALERT_3_END=0
AMX_ALERT_2_LABEL_instance=121.40.208.124:8086
AMX_ALERT_1_LABEL_severity=page
AMX_ALERT_4_LABEL_alertname=DSPDataTestDown
AMX_ALERT_4_START=1559040403
AMX_ALERT_4_STATUS=firing
AMX_EXTERNAL_URL=http://iZbp13qv7dfxfuxzm9jr9mZ:9093
AMX_ALERT_1_LABEL_name=DSPData
AMX_ALERT_LEN=4
PATH=/usr/local/sbin:/usr/local/bin:/usr/sbin:/usr/bin:/sbin:/bin
AMX_ALERT_3_START=1558973798
AMX_ALERT_1_URL=http://influxdb:9090/graph?g0.expr=absent%28container_memory_usage_bytes%7Binstance%3D%22121.40.208.124%3A8086%22%2Cname%3D%22DSPData%22%7D%29&g0.tab=1
PWD=/
AMX_ALERT_3_STATUS=firing
AMX_ALERT_3_LABEL_instance=121.40.208.124:8086
AMX_ALERT_3_LABEL_alertname=DSPServerMiddleDown
AMX_ALERT_2_END=0
AMX_ALERT_3_URL=http://influxdb:9090/graph?g0.expr=absent%28container_memory_usage_bytes%7Binstance%3D%22121.40.208.124%3A8086%22%2Cname%3D%22DSPServer%22%7D%29&g0.tab=1
AMX_ALERT_4_END=0
AMX_ALERT_4_LABEL_name=DSPData
SHLVL=1
HOME=/root
AMX_ALERT_1_LABEL_alertname=DSPDataMiddleDown
AMX_ALERT_3_ANNOTATION_description=Instance= 121.40.208.124:8086, Service/Job =DSPServer is down for more than 10 sec.
AMX_ALERT_2_ANNOTATION_summary=Instance 121.40.208.124:8086 down
AMX_ALERT_1_END=0
AMX_ALERT_4_ANNOTATION_summary=Instance 121.41.31.197:8086 down
AMX_ALERT_2_LABEL_name=DSPResourced
AMX_ALERT_4_ANNOTATION_description=Instance= 121.41.31.197:8086, Service/Job =DSPData is down for more than 10 sec.
AMX_ALERT_4_LABEL_severity=page
AMX_ALERT_4_LABEL_instance=121.41.31.197:8086
AMX_ALERT_2_LABEL_severity=page
AMX_RECEIVER=executor
AMX_STATUS=firing
_=/usr/bin/env
----------------------DSPDataMiddleDown------------------------
----------------------DSPResourcedMiddleDown------------------------
----------------------DSPServerMiddleDown------------------------
----------------------DSPDataTestDown------------------------
AMX_ALERT_3_LABEL_name=DSPServer
AMX_ALERT_2_LABEL_alertname=DSPResourcedMiddleDown
HOSTNAME=iZbp13qv7dfxfuxzm9jr9mZ
AMX_ALERT_1_ANNOTATION_description=Instance= 121.40.208.124:8086, Service/Job =DSPData is down for more than 10 sec.
AMX_ALERT_3_LABEL_severity=page
AMX_ALERT_1_START=1558973798
AMX_LABEL_severity=page
AMX_ALERT_1_STATUS=firing
AMX_ALERT_3_ANNOTATION_summary=Instance 121.40.208.124:8086 down
AMX_ALERT_1_LABEL_instance=121.40.208.124:8086
AMX_ALERT_4_URL=http://influxdb:9090/graph?g0.expr=absent%28container_memory_usage_bytes%7Binstance%3D%22121.41.31.197%3A8086%22%2Cname%3D%22DSPData%22%7D%29&g0.tab=1
AMX_ALERT_2_STATUS=firing
AMX_ALERT_2_ANNOTATION_description=Instance= 121.40.208.124:8086, Service/Job =DSPResourced is down for more than 10 sec.
AMX_ALERT_1_ANNOTATION_summary=Instance 121.40.208.124:8086 down
AMX_ALERT_2_START=1558973798
AMX_ALERT_2_URL=http://influxdb:9090/graph?g0.expr=absent%28container_memory_usage_bytes%7Binstance%3D%22121.40.208.124%3A8086%22%2Cname%3D%22DSPResourced%22%7D%29&g0.tab=1
AMX_ALERT_3_END=0
AMX_ALERT_2_LABEL_instance=121.40.208.124:8086
AMX_ALERT_1_LABEL_severity=page
AMX_ALERT_4_LABEL_alertname=DSPDataTestDown
AMX_ALERT_4_START=1559040403
AMX_ALERT_4_STATUS=firing
AMX_EXTERNAL_URL=http://iZbp13qv7dfxfuxzm9jr9mZ:9093
AMX_ALERT_1_LABEL_name=DSPData
AMX_ALERT_LEN=4
PATH=/usr/local/sbin:/usr/local/bin:/usr/sbin:/usr/bin:/sbin:/bin
AMX_ALERT_3_START=1558973798
AMX_ALERT_1_URL=http://influxdb:9090/graph?g0.expr=absent%28container_memory_usage_bytes%7Binstance%3D%22121.40.208.124%3A8086%22%2Cname%3D%22DSPData%22%7D%29&g0.tab=1
PWD=/
AMX_ALERT_3_STATUS=firing
AMX_ALERT_3_LABEL_instance=121.40.208.124:8086
AMX_ALERT_3_LABEL_alertname=DSPServerMiddleDown
AMX_ALERT_2_END=0
AMX_ALERT_3_URL=http://influxdb:9090/graph?g0.expr=absent%28container_memory_usage_bytes%7Binstance%3D%22121.40.208.124%3A8086%22%2Cname%3D%22DSPServer%22%7D%29&g0.tab=1
AMX_ALERT_4_END=0
AMX_ALERT_4_LABEL_name=DSPData
SHLVL=1
HOME=/root
AMX_ALERT_1_LABEL_alertname=DSPDataMiddleDown
AMX_ALERT_3_ANNOTATION_description=Instance= 121.40.208.124:8086, Service/Job =DSPServer is down for more than 10 sec.
AMX_ALERT_2_ANNOTATION_summary=Instance 121.40.208.124:8086 down
AMX_ALERT_1_END=0
AMX_ALERT_4_ANNOTATION_summary=Instance 121.41.31.197:8086 down
AMX_ALERT_2_LABEL_name=DSPResourced
AMX_ALERT_4_ANNOTATION_description=Instance= 121.41.31.197:8086, Service/Job =DSPData is down for more than 10 sec.
AMX_ALERT_4_LABEL_severity=page
AMX_ALERT_4_LABEL_instance=121.41.31.197:8086
AMX_ALERT_2_LABEL_severity=page
AMX_RECEIVER=executor
AMX_STATUS=firing
_=/usr/bin/env
----------------------DSPDataMiddleDown------------------------
----------------------DSPResourcedMiddleDown------------------------
----------------------DSPServerMiddleDown------------------------
----------------------DSPDataTestDown------------------------
HOSTNAME=iZbp13qv7dfxfuxzm9jr9mZ
AMX_EXTERNAL_URL=
AMX_ALERT_LEN=0
PATH=/usr/local/sbin:/usr/local/bin:/usr/sbin:/usr/bin:/sbin:/bin
PWD=/
SHLVL=1
HOME=/root
AMX_RECEIVER=
AMX_STATUS=
_=/usr/bin/env
AMX_ALERT_3_LABEL_name=DSPServer
AMX_ALERT_2_LABEL_alertname=DSPResourcedMiddleDown
HOSTNAME=iZbp13qv7dfxfuxzm9jr9mZ
AMX_ALERT_1_ANNOTATION_description=Instance= 121.40.208.124:8086, Service/Job =DSPData is down for more than 10 sec.
AMX_ALERT_3_LABEL_severity=page
AMX_ALERT_1_START=1558973798
AMX_LABEL_severity=page
AMX_ALERT_1_STATUS=firing
AMX_ALERT_3_ANNOTATION_summary=Instance 121.40.208.124:8086 down
AMX_ALERT_1_LABEL_instance=121.40.208.124:8086
AMX_ALERT_4_URL=http://influxdb:9090/graph?g0.expr=absent%28container_memory_usage_bytes%7Binstance%3D%22121.41.31.197%3A8086%22%2Cname%3D%22DSPData%22%7D%29&g0.tab=1
AMX_ALERT_2_STATUS=firing
AMX_ALERT_2_ANNOTATION_description=Instance= 121.40.208.124:8086, Service/Job =DSPResourced is down for more than 10 sec.
AMX_ALERT_1_ANNOTATION_summary=Instance 121.40.208.124:8086 down
AMX_ALERT_2_START=1558973798
AMX_ALERT_2_URL=http://influxdb:9090/graph?g0.expr=absent%28container_memory_usage_bytes%7Binstance%3D%22121.40.208.124%3A8086%22%2Cname%3D%22DSPResourced%22%7D%29&g0.tab=1
AMX_ALERT_3_END=0
AMX_ALERT_2_LABEL_instance=121.40.208.124:8086
AMX_ALERT_1_LABEL_severity=page
AMX_ALERT_4_LABEL_alertname=DSPDataTestDown
AMX_ALERT_4_START=1559040403
AMX_ALERT_4_STATUS=firing
AMX_EXTERNAL_URL=http://iZbp13qv7dfxfuxzm9jr9mZ:9093
AMX_ALERT_1_LABEL_name=DSPData
AMX_ALERT_LEN=4
PATH=/usr/local/sbin:/usr/local/bin:/usr/sbin:/usr/bin:/sbin:/bin
AMX_ALERT_3_START=1558973798
AMX_ALERT_1_URL=http://influxdb:9090/graph?g0.expr=absent%28container_memory_usage_bytes%7Binstance%3D%22121.40.208.124%3A8086%22%2Cname%3D%22DSPData%22%7D%29&g0.tab=1
PWD=/
AMX_ALERT_3_STATUS=firing
AMX_ALERT_3_LABEL_instance=121.40.208.124:8086
AMX_ALERT_3_LABEL_alertname=DSPServerMiddleDown
AMX_ALERT_2_END=0
AMX_ALERT_3_URL=http://influxdb:9090/graph?g0.expr=absent%28container_memory_usage_bytes%7Binstance%3D%22121.40.208.124%3A8086%22%2Cname%3D%22DSPServer%22%7D%29&g0.tab=1
AMX_ALERT_4_END=0
AMX_ALERT_4_LABEL_name=DSPData
SHLVL=1
HOME=/root
AMX_ALERT_1_LABEL_alertname=DSPDataMiddleDown
AMX_ALERT_3_ANNOTATION_description=Instance= 121.40.208.124:8086, Service/Job =DSPServer is down for more than 10 sec.
AMX_ALERT_2_ANNOTATION_summary=Instance 121.40.208.124:8086 down
AMX_ALERT_1_END=0
AMX_ALERT_4_ANNOTATION_summary=Instance 121.41.31.197:8086 down
AMX_ALERT_2_LABEL_name=DSPResourced
AMX_ALERT_4_ANNOTATION_description=Instance= 121.41.31.197:8086, Service/Job =DSPData is down for more than 10 sec.
AMX_ALERT_4_LABEL_instance=121.41.31.197:8086
AMX_ALERT_4_LABEL_severity=page
AMX_ALERT_2_LABEL_severity=page
AMX_RECEIVER=executor
AMX_STATUS=firing
_=/usr/bin/env
----------------------DSPDataMiddleDown------------------------
----------------------DSPResourcedMiddleDown------------------------
----------------------DSPServerMiddleDown------------------------
----------------------DSPDataTestDown------------------------
AMX_ALERT_3_LABEL_name=DSPServer
AMX_ALERT_2_LABEL_alertname=DSPResourcedMiddleDown
HOSTNAME=iZbp13qv7dfxfuxzm9jr9mZ
AMX_ALERT_1_ANNOTATION_description=Instance= 121.40.208.124:8086, Service/Job =DSPData is down for more than 10 sec.
AMX_ALERT_3_LABEL_severity=page
AMX_ALERT_1_START=1558973798
AMX_LABEL_severity=page
AMX_ALERT_1_STATUS=firing
AMX_ALERT_3_ANNOTATION_summary=Instance 121.40.208.124:8086 down
AMX_ALERT_1_LABEL_instance=121.40.208.124:8086
AMX_ALERT_4_URL=http://influxdb:9090/graph?g0.expr=absent%28container_memory_usage_bytes%7Binstance%3D%22121.41.31.197%3A8086%22%2Cname%3D%22DSPData%22%7D%29&g0.tab=1
AMX_ALERT_2_STATUS=firing
AMX_ALERT_2_ANNOTATION_description=Instance= 121.40.208.124:8086, Service/Job =DSPResourced is down for more than 10 sec.
AMX_ALERT_1_ANNOTATION_summary=Instance 121.40.208.124:8086 down
AMX_ALERT_2_START=1558973798
AMX_ALERT_2_URL=http://influxdb:9090/graph?g0.expr=absent%28container_memory_usage_bytes%7Binstance%3D%22121.40.208.124%3A8086%22%2Cname%3D%22DSPResourced%22%7D%29&g0.tab=1
AMX_ALERT_3_END=0
AMX_ALERT_2_LABEL_instance=121.40.208.124:8086
AMX_ALERT_1_LABEL_severity=page
AMX_ALERT_4_LABEL_alertname=DSPDataTestDown
AMX_ALERT_4_START=1559040403
AMX_ALERT_4_STATUS=firing
AMX_EXTERNAL_URL=http://iZbp13qv7dfxfuxzm9jr9mZ:9093
AMX_ALERT_1_LABEL_name=DSPData
AMX_ALERT_LEN=4
PATH=/usr/local/sbin:/usr/local/bin:/usr/sbin:/usr/bin:/sbin:/bin
AMX_ALERT_3_START=1558973798
AMX_ALERT_1_URL=http://influxdb:9090/graph?g0.expr=absent%28container_memory_usage_bytes%7Binstance%3D%22121.40.208.124%3A8086%22%2Cname%3D%22DSPData%22%7D%29&g0.tab=1
PWD=/
AMX_ALERT_3_STATUS=firing
AMX_ALERT_3_LABEL_instance=121.40.208.124:8086
AMX_ALERT_3_LABEL_alertname=DSPServerMiddleDown
AMX_ALERT_2_END=0
AMX_ALERT_3_URL=http://influxdb:9090/graph?g0.expr=absent%28container_memory_usage_bytes%7Binstance%3D%22121.40.208.124%3A8086%22%2Cname%3D%22DSPServer%22%7D%29&g0.tab=1
AMX_ALERT_4_END=0
AMX_ALERT_4_LABEL_name=DSPData
SHLVL=1
HOME=/root
AMX_ALERT_1_LABEL_alertname=DSPDataMiddleDown
AMX_ALERT_3_ANNOTATION_description=Instance= 121.40.208.124:8086, Service/Job =DSPServer is down for more than 10 sec.
AMX_ALERT_2_ANNOTATION_summary=Instance 121.40.208.124:8086 down
AMX_ALERT_1_END=0
AMX_ALERT_4_ANNOTATION_summary=Instance 121.41.31.197:8086 down
AMX_ALERT_2_LABEL_name=DSPResourced
AMX_ALERT_4_ANNOTATION_description=Instance= 121.41.31.197:8086, Service/Job =DSPData is down for more than 10 sec.
AMX_ALERT_4_LABEL_severity=page
AMX_ALERT_4_LABEL_instance=121.41.31.197:8086
AMX_ALERT_2_LABEL_severity=page
AMX_RECEIVER=executor
AMX_STATUS=firing
_=/usr/bin/env
----------------------DSPDataMiddleDown------------------------
----------------------DSPResourcedMiddleDown------------------------
----------------------DSPServerMiddleDown------------------------
----------------------DSPDataTestDown------------------------
AMX_ALERT_3_LABEL_name=DSPServer
AMX_ALERT_2_LABEL_alertname=DSPResourcedMiddleDown
HOSTNAME=iZbp13qv7dfxfuxzm9jr9mZ
AMX_ALERT_1_ANNOTATION_description=Instance= 121.40.208.124:8086, Service/Job =DSPData is down for more than 10 sec.
AMX_ALERT_3_LABEL_severity=page
AMX_ALERT_1_START=1558973798
AMX_LABEL_severity=page
AMX_ALERT_1_STATUS=firing
AMX_ALERT_3_ANNOTATION_summary=Instance 121.40.208.124:8086 down
AMX_ALERT_1_LABEL_instance=121.40.208.124:8086
AMX_ALERT_4_URL=http://influxdb:9090/graph?g0.expr=absent%28container_memory_usage_bytes%7Binstance%3D%22121.41.31.197%3A8086%22%2Cname%3D%22DSPData%22%7D%29&g0.tab=1
AMX_ALERT_2_STATUS=firing
AMX_ALERT_2_ANNOTATION_description=Instance= 121.40.208.124:8086, Service/Job =DSPResourced is down for more than 10 sec.
AMX_ALERT_1_ANNOTATION_summary=Instance 121.40.208.124:8086 down
AMX_ALERT_2_START=1558973798
AMX_ALERT_2_URL=http://influxdb:9090/graph?g0.expr=absent%28container_memory_usage_bytes%7Binstance%3D%22121.40.208.124%3A8086%22%2Cname%3D%22DSPResourced%22%7D%29&g0.tab=1
AMX_ALERT_3_END=0
AMX_ALERT_2_LABEL_instance=121.40.208.124:8086
AMX_ALERT_1_LABEL_severity=page
AMX_ALERT_4_LABEL_alertname=DSPDataTestDown
AMX_ALERT_4_START=1559040403
AMX_ALERT_4_STATUS=firing
AMX_EXTERNAL_URL=http://iZbp13qv7dfxfuxzm9jr9mZ:9093
AMX_ALERT_1_LABEL_name=DSPData
AMX_ALERT_LEN=4
PATH=/usr/local/sbin:/usr/local/bin:/usr/sbin:/usr/bin:/sbin:/bin
AMX_ALERT_3_START=1558973798
AMX_ALERT_1_URL=http://influxdb:9090/graph?g0.expr=absent%28container_memory_usage_bytes%7Binstance%3D%22121.40.208.124%3A8086%22%2Cname%3D%22DSPData%22%7D%29&g0.tab=1
PWD=/
AMX_ALERT_3_STATUS=firing
AMX_ALERT_3_LABEL_instance=121.40.208.124:8086
AMX_ALERT_3_LABEL_alertname=DSPServerMiddleDown
AMX_ALERT_2_END=0
AMX_ALERT_3_URL=http://influxdb:9090/graph?g0.expr=absent%28container_memory_usage_bytes%7Binstance%3D%22121.40.208.124%3A8086%22%2Cname%3D%22DSPServer%22%7D%29&g0.tab=1
AMX_ALERT_4_END=0
AMX_ALERT_4_LABEL_name=DSPData
SHLVL=1
HOME=/root
AMX_ALERT_1_LABEL_alertname=DSPDataMiddleDown
AMX_ALERT_3_ANNOTATION_description=Instance= 121.40.208.124:8086, Service/Job =DSPServer is down for more than 10 sec.
AMX_ALERT_2_ANNOTATION_summary=Instance 121.40.208.124:8086 down
AMX_ALERT_1_END=0
AMX_ALERT_4_ANNOTATION_summary=Instance 121.41.31.197:8086 down
AMX_ALERT_2_LABEL_name=DSPResourced
AMX_ALERT_4_ANNOTATION_description=Instance= 121.41.31.197:8086, Service/Job =DSPData is down for more than 10 sec.
AMX_ALERT_4_LABEL_severity=page
AMX_ALERT_4_LABEL_instance=121.41.31.197:8086
AMX_ALERT_2_LABEL_severity=page
AMX_RECEIVER=executor
AMX_STATUS=firing
_=/usr/bin/env
----------------------DSPDataMiddleDown------------------------
----------------------DSPResourcedMiddleDown------------------------
----------------------DSPServerMiddleDown------------------------
----------------------DSPDataTestDown------------------------
HOSTNAME=iZbp13qv7dfxfuxzm9jr9mZ
AMX_EXTERNAL_URL=
AMX_ALERT_LEN=0
PATH=/usr/local/sbin:/usr/local/bin:/usr/sbin:/usr/bin:/sbin:/bin
PWD=/
SHLVL=1
HOME=/root
AMX_RECEIVER=
AMX_STATUS=
_=/usr/bin/env
HOSTNAME=iZbp13qv7dfxfuxzm9jr9mZ
AMX_EXTERNAL_URL=
AMX_ALERT_LEN=0
PATH=/usr/local/sbin:/usr/local/bin:/usr/sbin:/usr/bin:/sbin:/bin
PWD=/
SHLVL=1
HOME=/root
AMX_RECEIVER=
AMX_STATUS=
_=/usr/bin/env
HOSTNAME=iZbp13qv7dfxfuxzm9jr9mZ
AMX_EXTERNAL_URL=
AMX_ALERT_LEN=0
PATH=/usr/local/sbin:/usr/local/bin:/usr/sbin:/usr/bin:/sbin:/bin
PWD=/
SHLVL=1
HOME=/root
AMX_RECEIVER=
AMX_STATUS=
_=/usr/bin/env
AMX_ALERT_3_LABEL_name=DSPServer
AMX_ALERT_2_LABEL_alertname=DSPResourcedMiddleDown
HOSTNAME=iZbp13qv7dfxfuxzm9jr9mZ
AMX_ALERT_1_ANNOTATION_description=Instance= 121.40.208.124:8086, Service/Job =DSPData is down for more than 10 sec.
AMX_ALERT_3_LABEL_severity=page
AMX_ALERT_1_START=1558973798
AMX_LABEL_severity=page
AMX_ALERT_1_STATUS=firing
AMX_ALERT_3_ANNOTATION_summary=Instance 121.40.208.124:8086 down
AMX_ALERT_1_LABEL_instance=121.40.208.124:8086
AMX_ALERT_4_URL=http://influxdb:9090/graph?g0.expr=absent%28container_memory_usage_bytes%7Binstance%3D%22121.41.31.197%3A8086%22%2Cname%3D%22DSPData%22%7D%29&g0.tab=1
AMX_ALERT_2_STATUS=firing
AMX_ALERT_2_ANNOTATION_description=Instance= 121.40.208.124:8086, Service/Job =DSPResourced is down for more than 10 sec.
AMX_ALERT_1_ANNOTATION_summary=Instance 121.40.208.124:8086 down
AMX_ALERT_2_START=1558973798
AMX_ALERT_2_URL=http://influxdb:9090/graph?g0.expr=absent%28container_memory_usage_bytes%7Binstance%3D%22121.40.208.124%3A8086%22%2Cname%3D%22DSPResourced%22%7D%29&g0.tab=1
AMX_ALERT_3_END=0
AMX_ALERT_2_LABEL_instance=121.40.208.124:8086
AMX_ALERT_1_LABEL_severity=page
AMX_ALERT_4_LABEL_alertname=DSPDataTestDown
AMX_ALERT_4_START=1559040403
AMX_ALERT_4_STATUS=firing
AMX_EXTERNAL_URL=http://iZbp13qv7dfxfuxzm9jr9mZ:9093
AMX_ALERT_1_LABEL_name=DSPData
AMX_ALERT_LEN=4
PATH=/usr/local/sbin:/usr/local/bin:/usr/sbin:/usr/bin:/sbin:/bin
AMX_ALERT_3_START=1558973798
AMX_ALERT_1_URL=http://influxdb:9090/graph?g0.expr=absent%28container_memory_usage_bytes%7Binstance%3D%22121.40.208.124%3A8086%22%2Cname%3D%22DSPData%22%7D%29&g0.tab=1
PWD=/
AMX_ALERT_3_STATUS=firing
AMX_ALERT_3_LABEL_instance=121.40.208.124:8086
AMX_ALERT_3_LABEL_alertname=DSPServerMiddleDown
AMX_ALERT_2_END=0
AMX_ALERT_3_URL=http://influxdb:9090/graph?g0.expr=absent%28container_memory_usage_bytes%7Binstance%3D%22121.40.208.124%3A8086%22%2Cname%3D%22DSPServer%22%7D%29&g0.tab=1
AMX_ALERT_4_END=0
AMX_ALERT_4_LABEL_name=DSPData
SHLVL=1
HOME=/root
AMX_ALERT_1_LABEL_alertname=DSPDataMiddleDown
AMX_ALERT_3_ANNOTATION_description=Instance= 121.40.208.124:8086, Service/Job =DSPServer is down for more than 10 sec.
AMX_ALERT_2_ANNOTATION_summary=Instance 121.40.208.124:8086 down
AMX_ALERT_1_END=0
AMX_ALERT_4_ANNOTATION_summary=Instance 121.41.31.197:8086 down
AMX_ALERT_2_LABEL_name=DSPResourced
AMX_ALERT_4_ANNOTATION_description=Instance= 121.41.31.197:8086, Service/Job =DSPData is down for more than 10 sec.
AMX_ALERT_4_LABEL_severity=page
AMX_ALERT_4_LABEL_instance=121.41.31.197:8086
AMX_ALERT_2_LABEL_severity=page
AMX_RECEIVER=executor
AMX_STATUS=firing
_=/usr/bin/env
----------------------DSPDataMiddleDown------------------------
----------------------DSPResourcedMiddleDown------------------------
----------------------DSPServerMiddleDown------------------------
----------------------DSPDataTestDown------------------------
HOSTNAME=iZbp13qv7dfxfuxzm9jr9mZ
AMX_EXTERNAL_URL=
AMX_ALERT_LEN=0
PATH=/usr/local/sbin:/usr/local/bin:/usr/sbin:/usr/bin:/sbin:/bin
PWD=/
SHLVL=1
HOME=/root
AMX_RECEIVER=
AMX_STATUS=
_=/usr/bin/env
HOSTNAME=iZbp13qv7dfxfuxzm9jr9mZ
AMX_EXTERNAL_URL=
AMX_ALERT_LEN=0
PATH=/usr/local/sbin:/usr/local/bin:/usr/sbin:/usr/bin:/sbin:/bin
PWD=/
SHLVL=1
HOME=/root
AMX_RECEIVER=
AMX_STATUS=
_=/usr/bin/env
HOSTNAME=iZbp13qv7dfxfuxzm9jr9mZ
AMX_EXTERNAL_URL=
AMX_ALERT_LEN=0
PATH=/usr/local/sbin:/usr/local/bin:/usr/sbin:/usr/bin:/sbin:/bin
PWD=/
SHLVL=1
HOME=/root
AMX_RECEIVER=
AMX_STATUS=
_=/usr/bin/env
AMX_ALERT_3_LABEL_name=DSPServer
AMX_ALERT_2_LABEL_alertname=DSPResourcedMiddleDown
HOSTNAME=iZbp13qv7dfxfuxzm9jr9mZ
AMX_ALERT_1_ANNOTATION_description=Instance= 121.40.208.124:8086, Service/Job =DSPData is down for more than 10 sec.
AMX_ALERT_3_LABEL_severity=page
AMX_ALERT_1_START=1558973798
AMX_LABEL_severity=page
AMX_ALERT_1_STATUS=firing
AMX_ALERT_3_ANNOTATION_summary=Instance 121.40.208.124:8086 down
AMX_ALERT_1_LABEL_instance=121.40.208.124:8086
AMX_ALERT_4_URL=http://influxdb:9090/graph?g0.expr=absent%28container_memory_usage_bytes%7Binstance%3D%22121.41.31.197%3A8086%22%2Cname%3D%22DSPData%22%7D%29&g0.tab=1
AMX_ALERT_2_STATUS=firing
AMX_ALERT_2_ANNOTATION_description=Instance= 121.40.208.124:8086, Service/Job =DSPResourced is down for more than 10 sec.
AMX_ALERT_1_ANNOTATION_summary=Instance 121.40.208.124:8086 down
AMX_ALERT_2_START=1558973798
AMX_ALERT_2_URL=http://influxdb:9090/graph?g0.expr=absent%28container_memory_usage_bytes%7Binstance%3D%22121.40.208.124%3A8086%22%2Cname%3D%22DSPResourced%22%7D%29&g0.tab=1
AMX_ALERT_3_END=0
AMX_ALERT_2_LABEL_instance=121.40.208.124:8086
AMX_ALERT_1_LABEL_severity=page
AMX_ALERT_4_LABEL_alertname=DSPDataTestDown
AMX_ALERT_4_START=1559040403
AMX_ALERT_4_STATUS=firing
AMX_EXTERNAL_URL=http://iZbp13qv7dfxfuxzm9jr9mZ:9093
AMX_ALERT_1_LABEL_name=DSPData
AMX_ALERT_LEN=4
PATH=/usr/local/sbin:/usr/local/bin:/usr/sbin:/usr/bin:/sbin:/bin
AMX_ALERT_3_START=1558973798
AMX_ALERT_1_URL=http://influxdb:9090/graph?g0.expr=absent%28container_memory_usage_bytes%7Binstance%3D%22121.40.208.124%3A8086%22%2Cname%3D%22DSPData%22%7D%29&g0.tab=1
PWD=/
AMX_ALERT_3_STATUS=firing
AMX_ALERT_3_LABEL_instance=121.40.208.124:8086
AMX_ALERT_3_LABEL_alertname=DSPServerMiddleDown
AMX_ALERT_2_END=0
AMX_ALERT_3_URL=http://influxdb:9090/graph?g0.expr=absent%28container_memory_usage_bytes%7Binstance%3D%22121.40.208.124%3A8086%22%2Cname%3D%22DSPServer%22%7D%29&g0.tab=1
AMX_ALERT_4_END=0
AMX_ALERT_4_LABEL_name=DSPData
SHLVL=1
HOME=/root
AMX_ALERT_1_LABEL_alertname=DSPDataMiddleDown
AMX_ALERT_3_ANNOTATION_description=Instance= 121.40.208.124:8086, Service/Job =DSPServer is down for more than 10 sec.
AMX_ALERT_2_ANNOTATION_summary=Instance 121.40.208.124:8086 down
AMX_ALERT_1_END=0
AMX_ALERT_4_ANNOTATION_summary=Instance 121.41.31.197:8086 down
AMX_ALERT_2_LABEL_name=DSPResourced
AMX_ALERT_4_ANNOTATION_description=Instance= 121.41.31.197:8086, Service/Job =DSPData is down for more than 10 sec.
AMX_ALERT_4_LABEL_severity=page
AMX_ALERT_4_LABEL_instance=121.41.31.197:8086
AMX_ALERT_2_LABEL_severity=page
AMX_RECEIVER=executor
AMX_STATUS=firing
_=/usr/bin/env
----------------------DSPDataMiddleDown------------------------
----------------------DSPResourcedMiddleDown------------------------
----------------------DSPServerMiddleDown------------------------
----------------------DSPDataTestDown------------------------
AMX_ALERT_3_LABEL_name=DSPServer
AMX_ALERT_2_LABEL_alertname=DSPResourcedMiddleDown
HOSTNAME=iZbp13qv7dfxfuxzm9jr9mZ
AMX_ALERT_1_ANNOTATION_description=Instance= 121.40.208.124:8086, Service/Job =DSPData is down for more than 10 sec.
AMX_ALERT_3_LABEL_severity=page
AMX_ALERT_1_START=1558973798
AMX_LABEL_severity=page
AMX_ALERT_1_STATUS=firing
AMX_ALERT_3_ANNOTATION_summary=Instance 121.40.208.124:8086 down
AMX_ALERT_1_LABEL_instance=121.40.208.124:8086
AMX_ALERT_4_URL=http://influxdb:9090/graph?g0.expr=absent%28container_memory_usage_bytes%7Binstance%3D%22121.41.31.197%3A8086%22%2Cname%3D%22DSPData%22%7D%29&g0.tab=1
AMX_ALERT_2_STATUS=firing
AMX_ALERT_2_ANNOTATION_description=Instance= 121.40.208.124:8086, Service/Job =DSPResourced is down for more than 10 sec.
AMX_ALERT_1_ANNOTATION_summary=Instance 121.40.208.124:8086 down
AMX_ALERT_2_START=1558973798
AMX_ALERT_2_URL=http://influxdb:9090/graph?g0.expr=absent%28container_memory_usage_bytes%7Binstance%3D%22121.40.208.124%3A8086%22%2Cname%3D%22DSPResourced%22%7D%29&g0.tab=1
AMX_ALERT_3_END=0
AMX_ALERT_2_LABEL_instance=121.40.208.124:8086
AMX_ALERT_1_LABEL_severity=page
AMX_ALERT_4_LABEL_alertname=DSPDataTestDown
AMX_ALERT_4_START=1559040403
AMX_ALERT_4_STATUS=firing
AMX_EXTERNAL_URL=http://iZbp13qv7dfxfuxzm9jr9mZ:9093
AMX_ALERT_1_LABEL_name=DSPData
AMX_ALERT_LEN=4
PATH=/usr/local/sbin:/usr/local/bin:/usr/sbin:/usr/bin:/sbin:/bin
AMX_ALERT_3_START=1558973798
AMX_ALERT_1_URL=http://influxdb:9090/graph?g0.expr=absent%28container_memory_usage_bytes%7Binstance%3D%22121.40.208.124%3A8086%22%2Cname%3D%22DSPData%22%7D%29&g0.tab=1
PWD=/
AMX_ALERT_3_STATUS=firing
AMX_ALERT_3_LABEL_instance=121.40.208.124:8086
AMX_ALERT_3_LABEL_alertname=DSPServerMiddleDown
AMX_ALERT_2_END=0
AMX_ALERT_3_URL=http://influxdb:9090/graph?g0.expr=absent%28container_memory_usage_bytes%7Binstance%3D%22121.40.208.124%3A8086%22%2Cname%3D%22DSPServer%22%7D%29&g0.tab=1
AMX_ALERT_4_END=0
AMX_ALERT_4_LABEL_name=DSPData
SHLVL=1
HOME=/root
AMX_ALERT_1_LABEL_alertname=DSPDataMiddleDown
AMX_ALERT_3_ANNOTATION_description=Instance= 121.40.208.124:8086, Service/Job =DSPServer is down for more than 10 sec.
AMX_ALERT_2_ANNOTATION_summary=Instance 121.40.208.124:8086 down
AMX_ALERT_1_END=0
AMX_ALERT_4_ANNOTATION_summary=Instance 121.41.31.197:8086 down
AMX_ALERT_2_LABEL_name=DSPResourced
AMX_ALERT_4_LABEL_instance=121.41.31.197:8086
AMX_ALERT_4_LABEL_severity=page
AMX_ALERT_4_ANNOTATION_description=Instance= 121.41.31.197:8086, Service/Job =DSPData is down for more than 10 sec.
AMX_ALERT_2_LABEL_severity=page
AMX_RECEIVER=executor
AMX_STATUS=firing
_=/usr/bin/env
----------------------DSPDataMiddleDown------------------------
----------------------DSPResourcedMiddleDown------------------------
----------------------DSPServerMiddleDown------------------------
----------------------DSPDataTestDown------------------------
HOSTNAME=iZbp13qv7dfxfuxzm9jr9mZ
AMX_EXTERNAL_URL=
AMX_ALERT_LEN=0
PATH=/usr/local/sbin:/usr/local/bin:/usr/sbin:/usr/bin:/sbin:/bin
PWD=/
SHLVL=1
HOME=/root
AMX_RECEIVER=
AMX_STATUS=
_=/usr/bin/env
HOSTNAME=iZbp13qv7dfxfuxzm9jr9mZ
AMX_EXTERNAL_URL=
AMX_ALERT_LEN=0
PATH=/usr/local/sbin:/usr/local/bin:/usr/sbin:/usr/bin:/sbin:/bin
PWD=/
SHLVL=1
HOME=/root
AMX_RECEIVER=
AMX_STATUS=
_=/usr/bin/env
HOSTNAME=iZbp13qv7dfxfuxzm9jr9mZ
AMX_EXTERNAL_URL=
AMX_ALERT_LEN=0
PATH=/usr/local/sbin:/usr/local/bin:/usr/sbin:/usr/bin:/sbin:/bin
PWD=/
SHLVL=1
HOME=/root
AMX_RECEIVER=
AMX_STATUS=
_=/usr/bin/env
AMX_ALERT_3_LABEL_name=DSPServer
AMX_ALERT_2_LABEL_alertname=DSPResourcedMiddleDown
HOSTNAME=iZbp13qv7dfxfuxzm9jr9mZ
AMX_ALERT_1_ANNOTATION_description=Instance= 121.40.208.124:8086, Service/Job =DSPData is down for more than 10 sec.
AMX_ALERT_3_LABEL_severity=page
AMX_ALERT_1_START=1558973798
AMX_LABEL_severity=page
AMX_ALERT_1_STATUS=firing
AMX_ALERT_3_ANNOTATION_summary=Instance 121.40.208.124:8086 down
AMX_ALERT_1_LABEL_instance=121.40.208.124:8086
AMX_ALERT_4_URL=http://influxdb:9090/graph?g0.expr=absent%28container_memory_usage_bytes%7Binstance%3D%22121.41.31.197%3A8086%22%2Cname%3D%22DSPData%22%7D%29&g0.tab=1
AMX_ALERT_2_STATUS=firing
AMX_ALERT_2_ANNOTATION_description=Instance= 121.40.208.124:8086, Service/Job =DSPResourced is down for more than 10 sec.
AMX_ALERT_1_ANNOTATION_summary=Instance 121.40.208.124:8086 down
AMX_ALERT_2_START=1558973798
AMX_ALERT_2_URL=http://influxdb:9090/graph?g0.expr=absent%28container_memory_usage_bytes%7Binstance%3D%22121.40.208.124%3A8086%22%2Cname%3D%22DSPResourced%22%7D%29&g0.tab=1
AMX_ALERT_3_END=0
AMX_ALERT_2_LABEL_instance=121.40.208.124:8086
AMX_ALERT_1_LABEL_severity=page
AMX_ALERT_4_LABEL_alertname=DSPDataTestDown
AMX_ALERT_4_START=1559040403
AMX_ALERT_4_STATUS=firing
AMX_EXTERNAL_URL=http://iZbp13qv7dfxfuxzm9jr9mZ:9093
AMX_ALERT_1_LABEL_name=DSPData
AMX_ALERT_LEN=4
PATH=/usr/local/sbin:/usr/local/bin:/usr/sbin:/usr/bin:/sbin:/bin
AMX_ALERT_3_START=1558973798
AMX_ALERT_1_URL=http://influxdb:9090/graph?g0.expr=absent%28container_memory_usage_bytes%7Binstance%3D%22121.40.208.124%3A8086%22%2Cname%3D%22DSPData%22%7D%29&g0.tab=1
PWD=/
AMX_ALERT_3_STATUS=firing
AMX_ALERT_3_LABEL_instance=121.40.208.124:8086
AMX_ALERT_3_LABEL_alertname=DSPServerMiddleDown
AMX_ALERT_2_END=0
AMX_ALERT_3_URL=http://influxdb:9090/graph?g0.expr=absent%28container_memory_usage_bytes%7Binstance%3D%22121.40.208.124%3A8086%22%2Cname%3D%22DSPServer%22%7D%29&g0.tab=1
AMX_ALERT_4_END=0
AMX_ALERT_4_LABEL_name=DSPData
SHLVL=1
HOME=/root
AMX_ALERT_1_LABEL_alertname=DSPDataMiddleDown
AMX_ALERT_3_ANNOTATION_description=Instance= 121.40.208.124:8086, Service/Job =DSPServer is down for more than 10 sec.
AMX_ALERT_2_ANNOTATION_summary=Instance 121.40.208.124:8086 down
AMX_ALERT_1_END=0
AMX_ALERT_4_ANNOTATION_summary=Instance 121.41.31.197:8086 down
AMX_ALERT_2_LABEL_name=DSPResourced
AMX_ALERT_4_ANNOTATION_description=Instance= 121.41.31.197:8086, Service/Job =DSPData is down for more than 10 sec.
AMX_ALERT_4_LABEL_severity=page
AMX_ALERT_4_LABEL_instance=121.41.31.197:8086
AMX_ALERT_2_LABEL_severity=page
AMX_RECEIVER=executor
AMX_STATUS=firing
_=/usr/bin/env
----------------------DSPDataMiddleDown------------------------
----------------------DSPResourcedMiddleDown------------------------
----------------------DSPServerMiddleDown------------------------
----------------------DSPDataTestDown------------------------
HOSTNAME=iZbp13qv7dfxfuxzm9jr9mZ
AMX_EXTERNAL_URL=
AMX_ALERT_LEN=0
PATH=/usr/local/sbin:/usr/local/bin:/usr/sbin:/usr/bin:/sbin:/bin
PWD=/
SHLVL=1
HOME=/root
AMX_RECEIVER=
AMX_STATUS=
_=/usr/bin/env
AMX_ALERT_3_LABEL_name=DSPServer
AMX_ALERT_2_LABEL_alertname=DSPResourcedMiddleDown
HOSTNAME=iZbp13qv7dfxfuxzm9jr9mZ
AMX_ALERT_1_ANNOTATION_description=Instance= 121.40.208.124:8086, Service/Job =DSPData is down for more than 10 sec.
AMX_ALERT_3_LABEL_severity=page
AMX_ALERT_1_START=1558973798
AMX_LABEL_severity=page
AMX_ALERT_1_STATUS=firing
AMX_ALERT_3_ANNOTATION_summary=Instance 121.40.208.124:8086 down
AMX_ALERT_1_LABEL_instance=121.40.208.124:8086
AMX_ALERT_4_URL=http://influxdb:9090/graph?g0.expr=absent%28container_memory_usage_bytes%7Binstance%3D%22121.41.31.197%3A8086%22%2Cname%3D%22DSPData%22%7D%29&g0.tab=1
AMX_ALERT_2_STATUS=firing
AMX_ALERT_2_ANNOTATION_description=Instance= 121.40.208.124:8086, Service/Job =DSPResourced is down for more than 10 sec.
AMX_ALERT_1_ANNOTATION_summary=Instance 121.40.208.124:8086 down
AMX_ALERT_2_START=1558973798
AMX_ALERT_2_URL=http://influxdb:9090/graph?g0.expr=absent%28container_memory_usage_bytes%7Binstance%3D%22121.40.208.124%3A8086%22%2Cname%3D%22DSPResourced%22%7D%29&g0.tab=1
AMX_ALERT_3_END=0
AMX_ALERT_2_LABEL_instance=121.40.208.124:8086
AMX_ALERT_1_LABEL_severity=page
AMX_ALERT_4_LABEL_alertname=DSPDataTestDown
AMX_ALERT_4_START=1559040403
AMX_ALERT_4_STATUS=firing
AMX_EXTERNAL_URL=http://iZbp13qv7dfxfuxzm9jr9mZ:9093
AMX_ALERT_1_LABEL_name=DSPData
AMX_ALERT_LEN=4
PATH=/usr/local/sbin:/usr/local/bin:/usr/sbin:/usr/bin:/sbin:/bin
AMX_ALERT_3_START=1558973798
AMX_ALERT_1_URL=http://influxdb:9090/graph?g0.expr=absent%28container_memory_usage_bytes%7Binstance%3D%22121.40.208.124%3A8086%22%2Cname%3D%22DSPData%22%7D%29&g0.tab=1
PWD=/
AMX_ALERT_3_STATUS=firing
AMX_ALERT_3_LABEL_instance=121.40.208.124:8086
AMX_ALERT_3_LABEL_alertname=DSPServerMiddleDown
AMX_ALERT_2_END=0
AMX_ALERT_3_URL=http://influxdb:9090/graph?g0.expr=absent%28container_memory_usage_bytes%7Binstance%3D%22121.40.208.124%3A8086%22%2Cname%3D%22DSPServer%22%7D%29&g0.tab=1
AMX_ALERT_4_END=0
AMX_ALERT_4_LABEL_name=DSPData
SHLVL=1
HOME=/root
AMX_ALERT_1_LABEL_alertname=DSPDataMiddleDown
AMX_ALERT_3_ANNOTATION_description=Instance= 121.40.208.124:8086, Service/Job =DSPServer is down for more than 10 sec.
AMX_ALERT_2_ANNOTATION_summary=Instance 121.40.208.124:8086 down
AMX_ALERT_1_END=0
AMX_ALERT_4_ANNOTATION_summary=Instance 121.41.31.197:8086 down
AMX_ALERT_2_LABEL_name=DSPResourced
AMX_ALERT_4_ANNOTATION_description=Instance= 121.41.31.197:8086, Service/Job =DSPData is down for more than 10 sec.
AMX_ALERT_4_LABEL_severity=page
AMX_ALERT_4_LABEL_instance=121.41.31.197:8086
AMX_ALERT_2_LABEL_severity=page
AMX_RECEIVER=executor
AMX_STATUS=firing
_=/usr/bin/env
----------------------DSPDataMiddleDown------------------------
----------------------DSPResourcedMiddleDown------------------------
----------------------DSPServerMiddleDown------------------------
----------------------DSPDataTestDown------------------------
AMX_ALERT_3_LABEL_name=DSPServer
AMX_ALERT_2_LABEL_alertname=DSPResourcedMiddleDown
HOSTNAME=iZbp13qv7dfxfuxzm9jr9mZ
AMX_ALERT_1_ANNOTATION_description=Instance= 121.40.208.124:8086, Service/Job =DSPData is down for more than 10 sec.
AMX_ALERT_3_LABEL_severity=page
AMX_ALERT_1_START=1558973798
AMX_LABEL_severity=page
AMX_ALERT_1_STATUS=firing
AMX_ALERT_3_ANNOTATION_summary=Instance 121.40.208.124:8086 down
AMX_ALERT_1_LABEL_instance=121.40.208.124:8086
AMX_ALERT_4_URL=http://influxdb:9090/graph?g0.expr=absent%28container_memory_usage_bytes%7Binstance%3D%22121.41.31.197%3A8086%22%2Cname%3D%22DSPData%22%7D%29&g0.tab=1
AMX_ALERT_2_STATUS=firing
AMX_ALERT_2_ANNOTATION_description=Instance= 121.40.208.124:8086, Service/Job =DSPResourced is down for more than 10 sec.
AMX_ALERT_1_ANNOTATION_summary=Instance 121.40.208.124:8086 down
AMX_ALERT_2_START=1558973798
AMX_ALERT_2_URL=http://influxdb:9090/graph?g0.expr=absent%28container_memory_usage_bytes%7Binstance%3D%22121.40.208.124%3A8086%22%2Cname%3D%22DSPResourced%22%7D%29&g0.tab=1
AMX_ALERT_3_END=0
AMX_ALERT_2_LABEL_instance=121.40.208.124:8086
AMX_ALERT_1_LABEL_severity=page
AMX_ALERT_4_LABEL_alertname=DSPDataTestDown
AMX_ALERT_4_START=1559040403
AMX_ALERT_4_STATUS=firing
AMX_EXTERNAL_URL=http://iZbp13qv7dfxfuxzm9jr9mZ:9093
AMX_ALERT_1_LABEL_name=DSPData
AMX_ALERT_LEN=4
PATH=/usr/local/sbin:/usr/local/bin:/usr/sbin:/usr/bin:/sbin:/bin
AMX_ALERT_3_START=1558973798
AMX_ALERT_1_URL=http://influxdb:9090/graph?g0.expr=absent%28container_memory_usage_bytes%7Binstance%3D%22121.40.208.124%3A8086%22%2Cname%3D%22DSPData%22%7D%29&g0.tab=1
PWD=/
AMX_ALERT_3_STATUS=firing
AMX_ALERT_3_LABEL_alertname=DSPServerMiddleDown
AMX_ALERT_3_LABEL_instance=121.40.208.124:8086
AMX_ALERT_2_END=0
AMX_ALERT_3_URL=http://influxdb:9090/graph?g0.expr=absent%28container_memory_usage_bytes%7Binstance%3D%22121.40.208.124%3A8086%22%2Cname%3D%22DSPServer%22%7D%29&g0.tab=1
AMX_ALERT_4_END=0
AMX_ALERT_4_LABEL_name=DSPData
SHLVL=1
HOME=/root
AMX_ALERT_1_LABEL_alertname=DSPDataMiddleDown
AMX_ALERT_3_ANNOTATION_description=Instance= 121.40.208.124:8086, Service/Job =DSPServer is down for more than 10 sec.
AMX_ALERT_2_ANNOTATION_summary=Instance 121.40.208.124:8086 down
AMX_ALERT_1_END=0
AMX_ALERT_4_ANNOTATION_summary=Instance 121.41.31.197:8086 down
AMX_ALERT_2_LABEL_name=DSPResourced
AMX_ALERT_4_ANNOTATION_description=Instance= 121.41.31.197:8086, Service/Job =DSPData is down for more than 10 sec.
AMX_ALERT_4_LABEL_severity=page
AMX_ALERT_4_LABEL_instance=121.41.31.197:8086
AMX_ALERT_2_LABEL_severity=page
AMX_RECEIVER=executor
AMX_STATUS=firing
_=/usr/bin/env
----------------------DSPDataMiddleDown------------------------
----------------------DSPResourcedMiddleDown------------------------
----------------------DSPServerMiddleDown------------------------
----------------------DSPDataTestDown------------------------
HOSTNAME=iZbp13qv7dfxfuxzm9jr9mZ
AMX_EXTERNAL_URL=
AMX_ALERT_LEN=0
PATH=/usr/local/sbin:/usr/local/bin:/usr/sbin:/usr/bin:/sbin:/bin
PWD=/
SHLVL=1
HOME=/root
AMX_RECEIVER=
AMX_STATUS=
_=/usr/bin/env
AMX_ALERT_7_STATUS=firing
AMX_ALERT_6_URL=http://influxdb:9090/graph?g0.expr=absent%28container_memory_usage_bytes%7Binstance%3D%22121.42.136.35%3A8086%22%2Cname%3D%22DSPResourced%22%7D%29&g0.tab=1
AMX_ALERT_3_LABEL_name=DSPServer
AMX_ALERT_2_LABEL_alertname=DSPResourcedMiddleDown
HOSTNAME=iZbp13qv7dfxfuxzm9jr9mZ
AMX_ALERT_1_ANNOTATION_description=Instance= 121.40.208.124:8086, Service/Job =DSPData is down for more than 10 sec.
AMX_ALERT_5_STATUS=firing
AMX_ALERT_3_LABEL_severity=page
AMX_ALERT_1_START=1558973798
AMX_LABEL_severity=page
AMX_ALERT_1_STATUS=firing
AMX_ALERT_5_LABEL_severity=page
AMX_ALERT_3_ANNOTATION_summary=Instance 121.40.208.124:8086 down
AMX_ALERT_1_LABEL_instance=121.40.208.124:8086
AMX_ALERT_7_ANNOTATION_description=Instance= 121.42.136.35:8086, Service/Job =DSPServer is down for more than 10 sec.
AMX_ALERT_5_ANNOTATION_summary=Instance 121.42.136.35:8086 down
AMX_ALERT_4_URL=http://influxdb:9090/graph?g0.expr=absent%28container_memory_usage_bytes%7Binstance%3D%22121.41.31.197%3A8086%22%2Cname%3D%22DSPData%22%7D%29&g0.tab=1
AMX_ALERT_6_LABEL_alertname=DSPResourcedNorthDown
AMX_ALERT_2_STATUS=firing
AMX_ALERT_5_ANNOTATION_description=Instance= 121.42.136.35:8086, Service/Job =DSPData is down for more than 10 sec.
AMX_ALERT_6_LABEL_name=DSPResourced
AMX_ALERT_2_ANNOTATION_description=Instance= 121.40.208.124:8086, Service/Job =DSPResourced is down for more than 10 sec.
AMX_ALERT_1_ANNOTATION_summary=Instance 121.40.208.124:8086 down
AMX_ALERT_2_START=1558973798
AMX_ALERT_2_URL=http://influxdb:9090/graph?g0.expr=absent%28container_memory_usage_bytes%7Binstance%3D%22121.40.208.124%3A8086%22%2Cname%3D%22DSPResourced%22%7D%29&g0.tab=1
AMX_ALERT_3_END=0
AMX_ALERT_2_LABEL_instance=121.40.208.124:8086
AMX_ALERT_1_LABEL_severity=page
AMX_ALERT_7_END=0
AMX_ALERT_4_LABEL_alertname=DSPDataTestDown
AMX_ALERT_4_START=1559040403
AMX_ALERT_4_STATUS=firing
AMX_ALERT_7_LABEL_severity=page
AMX_EXTERNAL_URL=http://iZbp13qv7dfxfuxzm9jr9mZ:9093
AMX_ALERT_5_URL=http://influxdb:9090/graph?g0.expr=absent%28container_memory_usage_bytes%7Binstance%3D%22121.42.136.35%3A8086%22%2Cname%3D%22DSPData%22%7D%29&g0.tab=1
AMX_ALERT_1_LABEL_name=DSPData
AMX_ALERT_6_LABEL_severity=page
AMX_ALERT_LEN=7
PATH=/usr/local/sbin:/usr/local/bin:/usr/sbin:/usr/bin:/sbin:/bin
AMX_ALERT_3_START=1558973798
AMX_ALERT_6_START=1559199078
AMX_ALERT_1_URL=http://influxdb:9090/graph?g0.expr=absent%28container_memory_usage_bytes%7Binstance%3D%22121.40.208.124%3A8086%22%2Cname%3D%22DSPData%22%7D%29&g0.tab=1
AMX_ALERT_5_LABEL_instance=121.42.136.35:8086
PWD=/
AMX_ALERT_5_START=1559199078
AMX_ALERT_3_STATUS=firing
AMX_ALERT_3_LABEL_instance=121.40.208.124:8086
AMX_ALERT_3_LABEL_alertname=DSPServerMiddleDown
AMX_ALERT_7_ANNOTATION_summary=Instance 121.42.136.35:8086 down
AMX_ALERT_2_END=0
AMX_ALERT_3_URL=http://influxdb:9090/graph?g0.expr=absent%28container_memory_usage_bytes%7Binstance%3D%22121.40.208.124%3A8086%22%2Cname%3D%22DSPServer%22%7D%29&g0.tab=1
AMX_ALERT_4_END=0
AMX_ALERT_6_STATUS=firing
AMX_ALERT_4_LABEL_name=DSPData
AMX_ALERT_5_LABEL_alertname=DSPDataNorthDown
SHLVL=1
AMX_ALERT_6_ANNOTATION_description=Instance= 121.42.136.35:8086, Service/Job =DSPResourced is down for more than 10 sec.
HOME=/root
AMX_ALERT_7_LABEL_name=DSPServer
AMX_ALERT_6_ANNOTATION_summary=Instance 121.42.136.35:8086 down
AMX_ALERT_1_LABEL_alertname=DSPDataMiddleDown
AMX_ALERT_7_LABEL_alertname=DSPServerNorthDown
AMX_ALERT_3_ANNOTATION_description=Instance= 121.40.208.124:8086, Service/Job =DSPServer is down for more than 10 sec.
AMX_ALERT_2_ANNOTATION_summary=Instance 121.40.208.124:8086 down
AMX_ALERT_1_END=0
AMX_ALERT_7_URL=http://influxdb:9090/graph?g0.expr=absent%28container_memory_usage_bytes%7Binstance%3D%22121.42.136.35%3A8086%22%2Cname%3D%22DSPServer%22%7D%29&g0.tab=1
AMX_ALERT_4_ANNOTATION_summary=Instance 121.41.31.197:8086 down
AMX_ALERT_2_LABEL_name=DSPResourced
AMX_ALERT_5_END=0
AMX_ALERT_4_ANNOTATION_description=Instance= 121.41.31.197:8086, Service/Job =DSPData is down for more than 10 sec.
AMX_ALERT_4_LABEL_severity=page
AMX_ALERT_4_LABEL_instance=121.41.31.197:8086
AMX_ALERT_5_LABEL_name=DSPData
AMX_ALERT_6_LABEL_instance=121.42.136.35:8086
AMX_ALERT_2_LABEL_severity=page
AMX_ALERT_7_LABEL_instance=121.42.136.35:8086
AMX_ALERT_7_START=1559199078
AMX_RECEIVER=executor
AMX_ALERT_6_END=0
AMX_STATUS=firing
_=/usr/bin/env
----------------------DSPDataMiddleDown------------------------
----------------------DSPResourcedMiddleDown------------------------
----------------------DSPServerMiddleDown------------------------
----------------------DSPDataTestDown------------------------
----------------------DSPDataNorthDown------------------------
----------------------DSPResourcedNorthDown------------------------
----------------------DSPServerNorthDown------------------------
AMX_ALERT_7_STATUS=resolved
AMX_ALERT_6_URL=http://influxdb:9090/graph?g0.expr=absent%28container_memory_usage_bytes%7Binstance%3D%22121.42.136.35%3A8086%22%2Cname%3D%22DSPResourced%22%7D%29&g0.tab=1
AMX_ALERT_3_LABEL_name=DSPServer
AMX_ALERT_2_LABEL_alertname=DSPResourcedMiddleDown
HOSTNAME=iZbp13qv7dfxfuxzm9jr9mZ
AMX_ALERT_1_ANNOTATION_description=Instance= 121.40.208.124:8086, Service/Job =DSPData is down for more than 10 sec.
AMX_ALERT_5_STATUS=resolved
AMX_ALERT_3_LABEL_severity=page
AMX_ALERT_1_START=1558973798
AMX_LABEL_severity=page
AMX_ALERT_1_STATUS=firing
AMX_ALERT_5_LABEL_severity=page
AMX_ALERT_3_ANNOTATION_summary=Instance 121.40.208.124:8086 down
AMX_ALERT_1_LABEL_instance=121.40.208.124:8086
AMX_ALERT_7_ANNOTATION_description=Instance= 121.42.136.35:8086, Service/Job =DSPServer is down for more than 10 sec.
AMX_ALERT_5_ANNOTATION_summary=Instance 121.42.136.35:8086 down
AMX_ALERT_4_URL=http://influxdb:9090/graph?g0.expr=absent%28container_memory_usage_bytes%7Binstance%3D%22121.41.31.197%3A8086%22%2Cname%3D%22DSPData%22%7D%29&g0.tab=1
AMX_ALERT_6_LABEL_alertname=DSPResourcedNorthDown
AMX_ALERT_2_STATUS=firing
AMX_ALERT_5_ANNOTATION_description=Instance= 121.42.136.35:8086, Service/Job =DSPData is down for more than 10 sec.
AMX_ALERT_6_LABEL_name=DSPResourced
AMX_ALERT_2_ANNOTATION_description=Instance= 121.40.208.124:8086, Service/Job =DSPResourced is down for more than 10 sec.
AMX_ALERT_1_ANNOTATION_summary=Instance 121.40.208.124:8086 down
AMX_ALERT_2_START=1558973798
AMX_ALERT_2_URL=http://influxdb:9090/graph?g0.expr=absent%28container_memory_usage_bytes%7Binstance%3D%22121.40.208.124%3A8086%22%2Cname%3D%22DSPResourced%22%7D%29&g0.tab=1
AMX_ALERT_3_END=0
AMX_ALERT_2_LABEL_instance=121.40.208.124:8086
AMX_ALERT_1_LABEL_severity=page
AMX_ALERT_7_END=1559199333
AMX_ALERT_4_LABEL_alertname=DSPDataTestDown
AMX_ALERT_4_START=1559040403
AMX_ALERT_4_STATUS=firing
AMX_ALERT_7_LABEL_severity=page
AMX_EXTERNAL_URL=http://iZbp13qv7dfxfuxzm9jr9mZ:9093
AMX_ALERT_5_URL=http://influxdb:9090/graph?g0.expr=absent%28container_memory_usage_bytes%7Binstance%3D%22121.42.136.35%3A8086%22%2Cname%3D%22DSPData%22%7D%29&g0.tab=1
AMX_ALERT_1_LABEL_name=DSPData
AMX_ALERT_6_LABEL_severity=page
AMX_ALERT_LEN=7
PATH=/usr/local/sbin:/usr/local/bin:/usr/sbin:/usr/bin:/sbin:/bin
AMX_ALERT_3_START=1558973798
AMX_ALERT_6_START=1559199078
AMX_ALERT_1_URL=http://influxdb:9090/graph?g0.expr=absent%28container_memory_usage_bytes%7Binstance%3D%22121.40.208.124%3A8086%22%2Cname%3D%22DSPData%22%7D%29&g0.tab=1
AMX_ALERT_5_LABEL_instance=121.42.136.35:8086
PWD=/
AMX_ALERT_5_START=1559199078
AMX_ALERT_3_STATUS=firing
AMX_ALERT_3_LABEL_instance=121.40.208.124:8086
AMX_ALERT_3_LABEL_alertname=DSPServerMiddleDown
AMX_ALERT_7_ANNOTATION_summary=Instance 121.42.136.35:8086 down
AMX_ALERT_2_END=0
AMX_ALERT_3_URL=http://influxdb:9090/graph?g0.expr=absent%28container_memory_usage_bytes%7Binstance%3D%22121.40.208.124%3A8086%22%2Cname%3D%22DSPServer%22%7D%29&g0.tab=1
AMX_ALERT_4_END=0
AMX_ALERT_6_STATUS=resolved
AMX_ALERT_4_LABEL_name=DSPData
AMX_ALERT_5_LABEL_alertname=DSPDataNorthDown
SHLVL=1
AMX_ALERT_6_ANNOTATION_description=Instance= 121.42.136.35:8086, Service/Job =DSPResourced is down for more than 10 sec.
HOME=/root
AMX_ALERT_7_LABEL_name=DSPServer
AMX_ALERT_6_ANNOTATION_summary=Instance 121.42.136.35:8086 down
AMX_ALERT_1_LABEL_alertname=DSPDataMiddleDown
AMX_ALERT_7_LABEL_alertname=DSPServerNorthDown
AMX_ALERT_3_ANNOTATION_description=Instance= 121.40.208.124:8086, Service/Job =DSPServer is down for more than 10 sec.
AMX_ALERT_2_ANNOTATION_summary=Instance 121.40.208.124:8086 down
AMX_ALERT_1_END=0
AMX_ALERT_7_URL=http://influxdb:9090/graph?g0.expr=absent%28container_memory_usage_bytes%7Binstance%3D%22121.42.136.35%3A8086%22%2Cname%3D%22DSPServer%22%7D%29&g0.tab=1
AMX_ALERT_4_ANNOTATION_summary=Instance 121.41.31.197:8086 down
AMX_ALERT_2_LABEL_name=DSPResourced
AMX_ALERT_5_END=1559199333
AMX_ALERT_4_ANNOTATION_description=Instance= 121.41.31.197:8086, Service/Job =DSPData is down for more than 10 sec.
AMX_ALERT_4_LABEL_severity=page
AMX_ALERT_4_LABEL_instance=121.41.31.197:8086
AMX_ALERT_5_LABEL_name=DSPData
AMX_ALERT_6_LABEL_instance=121.42.136.35:8086
AMX_ALERT_2_LABEL_severity=page
AMX_ALERT_7_LABEL_instance=121.42.136.35:8086
AMX_ALERT_7_START=1559199078
AMX_RECEIVER=executor
AMX_ALERT_6_END=1559199333
AMX_STATUS=firing
_=/usr/bin/env
----------------------DSPDataMiddleDown------------------------
----------------------DSPResourcedMiddleDown------------------------
----------------------DSPServerMiddleDown------------------------
----------------------DSPDataTestDown------------------------
----------------------DSPDataNorthDown------------------------
----------------------DSPResourcedNorthDown------------------------
----------------------DSPServerNorthDown------------------------
AMX_ALERT_7_STATUS=firing
AMX_ALERT_6_URL=http://influxdb:9090/graph?g0.expr=absent%28container_memory_usage_bytes%7Binstance%3D%22121.42.136.35%3A8086%22%2Cname%3D%22DSPResourced%22%7D%29&g0.tab=1
AMX_ALERT_3_LABEL_name=DSPServer
AMX_ALERT_2_LABEL_alertname=DSPResourcedMiddleDown
HOSTNAME=iZbp13qv7dfxfuxzm9jr9mZ
AMX_ALERT_1_ANNOTATION_description=Instance= 121.40.208.124:8086, Service/Job =DSPData is down for more than 10 sec.
AMX_ALERT_5_STATUS=firing
AMX_ALERT_3_LABEL_severity=page
AMX_ALERT_1_START=1558973798
AMX_LABEL_severity=page
AMX_ALERT_1_STATUS=firing
AMX_ALERT_5_LABEL_severity=page
AMX_ALERT_3_ANNOTATION_summary=Instance 121.40.208.124:8086 down
AMX_ALERT_1_LABEL_instance=121.40.208.124:8086
AMX_ALERT_7_ANNOTATION_description=Instance= 121.42.136.35:8086, Service/Job =DSPServer is down for more than 10 sec.
AMX_ALERT_5_ANNOTATION_summary=Instance 121.42.136.35:8086 down
AMX_ALERT_4_URL=http://influxdb:9090/graph?g0.expr=absent%28container_memory_usage_bytes%7Binstance%3D%22121.41.31.197%3A8086%22%2Cname%3D%22DSPData%22%7D%29&g0.tab=1
AMX_ALERT_6_LABEL_alertname=DSPResourcedNorthDown
AMX_ALERT_2_STATUS=firing
AMX_ALERT_5_ANNOTATION_description=Instance= 121.42.136.35:8086, Service/Job =DSPData is down for more than 10 sec.
AMX_ALERT_6_LABEL_name=DSPResourced
AMX_ALERT_2_ANNOTATION_description=Instance= 121.40.208.124:8086, Service/Job =DSPResourced is down for more than 10 sec.
AMX_ALERT_1_ANNOTATION_summary=Instance 121.40.208.124:8086 down
AMX_ALERT_2_START=1558973798
AMX_ALERT_2_URL=http://influxdb:9090/graph?g0.expr=absent%28container_memory_usage_bytes%7Binstance%3D%22121.40.208.124%3A8086%22%2Cname%3D%22DSPResourced%22%7D%29&g0.tab=1
AMX_ALERT_3_END=0
AMX_ALERT_2_LABEL_instance=121.40.208.124:8086
AMX_ALERT_1_LABEL_severity=page
AMX_ALERT_7_END=0
AMX_ALERT_4_LABEL_alertname=DSPDataTestDown
AMX_ALERT_4_START=1559040403
AMX_ALERT_4_STATUS=firing
AMX_ALERT_7_LABEL_severity=page
AMX_EXTERNAL_URL=http://iZbp13qv7dfxfuxzm9jr9mZ:9093
AMX_ALERT_5_URL=http://influxdb:9090/graph?g0.expr=absent%28container_memory_usage_bytes%7Binstance%3D%22121.42.136.35%3A8086%22%2Cname%3D%22DSPData%22%7D%29&g0.tab=1
AMX_ALERT_1_LABEL_name=DSPData
AMX_ALERT_6_LABEL_severity=page
AMX_ALERT_LEN=7
PATH=/usr/local/sbin:/usr/local/bin:/usr/sbin:/usr/bin:/sbin:/bin
AMX_ALERT_3_START=1558973798
AMX_ALERT_6_START=1559206083
AMX_ALERT_1_URL=http://influxdb:9090/graph?g0.expr=absent%28container_memory_usage_bytes%7Binstance%3D%22121.40.208.124%3A8086%22%2Cname%3D%22DSPData%22%7D%29&g0.tab=1
AMX_ALERT_5_LABEL_instance=121.42.136.35:8086
PWD=/
AMX_ALERT_5_START=1559206083
AMX_ALERT_3_STATUS=firing
AMX_ALERT_3_LABEL_instance=121.40.208.124:8086
AMX_ALERT_3_LABEL_alertname=DSPServerMiddleDown
AMX_ALERT_7_ANNOTATION_summary=Instance 121.42.136.35:8086 down
AMX_ALERT_2_END=0
AMX_ALERT_3_URL=http://influxdb:9090/graph?g0.expr=absent%28container_memory_usage_bytes%7Binstance%3D%22121.40.208.124%3A8086%22%2Cname%3D%22DSPServer%22%7D%29&g0.tab=1
AMX_ALERT_4_END=0
AMX_ALERT_6_STATUS=firing
AMX_ALERT_4_LABEL_name=DSPData
AMX_ALERT_5_LABEL_alertname=DSPDataNorthDown
SHLVL=1
AMX_ALERT_6_ANNOTATION_description=Instance= 121.42.136.35:8086, Service/Job =DSPResourced is down for more than 10 sec.
HOME=/root
AMX_ALERT_7_LABEL_name=DSPServer
AMX_ALERT_6_ANNOTATION_summary=Instance 121.42.136.35:8086 down
AMX_ALERT_1_LABEL_alertname=DSPDataMiddleDown
AMX_ALERT_7_LABEL_alertname=DSPServerNorthDown
AMX_ALERT_3_ANNOTATION_description=Instance= 121.40.208.124:8086, Service/Job =DSPServer is down for more than 10 sec.
AMX_ALERT_2_ANNOTATION_summary=Instance 121.40.208.124:8086 down
AMX_ALERT_1_END=0
AMX_ALERT_7_URL=http://influxdb:9090/graph?g0.expr=absent%28container_memory_usage_bytes%7Binstance%3D%22121.42.136.35%3A8086%22%2Cname%3D%22DSPServer%22%7D%29&g0.tab=1
AMX_ALERT_4_ANNOTATION_summary=Instance 121.41.31.197:8086 down
AMX_ALERT_2_LABEL_name=DSPResourced
AMX_ALERT_5_END=0
AMX_ALERT_4_ANNOTATION_description=Instance= 121.41.31.197:8086, Service/Job =DSPData is down for more than 10 sec.
AMX_ALERT_4_LABEL_instance=121.41.31.197:8086
AMX_ALERT_4_LABEL_severity=page
AMX_ALERT_5_LABEL_name=DSPData
AMX_ALERT_6_LABEL_instance=121.42.136.35:8086
AMX_ALERT_2_LABEL_severity=page
AMX_ALERT_7_LABEL_instance=121.42.136.35:8086
AMX_ALERT_7_START=1559206083
AMX_RECEIVER=executor
AMX_ALERT_6_END=0
AMX_STATUS=firing
_=/usr/bin/env
----------------------DSPDataMiddleDown------------------------
----------------------DSPResourcedMiddleDown------------------------
----------------------DSPServerMiddleDown------------------------
----------------------DSPDataTestDown------------------------
----------------------DSPDataNorthDown------------------------
----------------------DSPResourcedNorthDown------------------------
----------------------DSPServerNorthDown------------------------
AMX_ALERT_7_STATUS=resolved
AMX_ALERT_6_URL=http://influxdb:9090/graph?g0.expr=absent%28container_memory_usage_bytes%7Binstance%3D%22121.42.136.35%3A8086%22%2Cname%3D%22DSPResourced%22%7D%29&g0.tab=1
AMX_ALERT_3_LABEL_name=DSPServer
AMX_ALERT_2_LABEL_alertname=DSPResourcedMiddleDown
HOSTNAME=iZbp13qv7dfxfuxzm9jr9mZ
AMX_ALERT_1_ANNOTATION_description=Instance= 121.40.208.124:8086, Service/Job =DSPData is down for more than 10 sec.
AMX_ALERT_5_STATUS=resolved
AMX_ALERT_3_LABEL_severity=page
AMX_ALERT_1_START=1558973798
AMX_LABEL_severity=page
AMX_ALERT_1_STATUS=firing
AMX_ALERT_5_LABEL_severity=page
AMX_ALERT_3_ANNOTATION_summary=Instance 121.40.208.124:8086 down
AMX_ALERT_1_LABEL_instance=121.40.208.124:8086
AMX_ALERT_7_ANNOTATION_description=Instance= 121.42.136.35:8086, Service/Job =DSPServer is down for more than 10 sec.
AMX_ALERT_5_ANNOTATION_summary=Instance 121.42.136.35:8086 down
AMX_ALERT_4_URL=http://influxdb:9090/graph?g0.expr=absent%28container_memory_usage_bytes%7Binstance%3D%22121.41.31.197%3A8086%22%2Cname%3D%22DSPData%22%7D%29&g0.tab=1
AMX_ALERT_6_LABEL_alertname=DSPResourcedNorthDown
AMX_ALERT_2_STATUS=firing
AMX_ALERT_5_ANNOTATION_description=Instance= 121.42.136.35:8086, Service/Job =DSPData is down for more than 10 sec.
AMX_ALERT_6_LABEL_name=DSPResourced
AMX_ALERT_2_ANNOTATION_description=Instance= 121.40.208.124:8086, Service/Job =DSPResourced is down for more than 10 sec.
AMX_ALERT_1_ANNOTATION_summary=Instance 121.40.208.124:8086 down
AMX_ALERT_2_START=1558973798
AMX_ALERT_2_URL=http://influxdb:9090/graph?g0.expr=absent%28container_memory_usage_bytes%7Binstance%3D%22121.40.208.124%3A8086%22%2Cname%3D%22DSPResourced%22%7D%29&g0.tab=1
AMX_ALERT_3_END=0
AMX_ALERT_2_LABEL_instance=121.40.208.124:8086
AMX_ALERT_1_LABEL_severity=page
AMX_ALERT_7_END=1559206323
AMX_ALERT_4_LABEL_alertname=DSPDataTestDown
AMX_ALERT_4_START=1559040403
AMX_ALERT_4_STATUS=firing
AMX_ALERT_7_LABEL_severity=page
AMX_EXTERNAL_URL=http://iZbp13qv7dfxfuxzm9jr9mZ:9093
AMX_ALERT_5_URL=http://influxdb:9090/graph?g0.expr=absent%28container_memory_usage_bytes%7Binstance%3D%22121.42.136.35%3A8086%22%2Cname%3D%22DSPData%22%7D%29&g0.tab=1
AMX_ALERT_1_LABEL_name=DSPData
AMX_ALERT_6_LABEL_severity=page
AMX_ALERT_LEN=7
PATH=/usr/local/sbin:/usr/local/bin:/usr/sbin:/usr/bin:/sbin:/bin
AMX_ALERT_3_START=1558973798
AMX_ALERT_6_START=1559206083
AMX_ALERT_1_URL=http://influxdb:9090/graph?g0.expr=absent%28container_memory_usage_bytes%7Binstance%3D%22121.40.208.124%3A8086%22%2Cname%3D%22DSPData%22%7D%29&g0.tab=1
AMX_ALERT_5_LABEL_instance=121.42.136.35:8086
PWD=/
AMX_ALERT_5_START=1559206083
AMX_ALERT_3_STATUS=firing
AMX_ALERT_3_LABEL_instance=121.40.208.124:8086
AMX_ALERT_3_LABEL_alertname=DSPServerMiddleDown
AMX_ALERT_7_ANNOTATION_summary=Instance 121.42.136.35:8086 down
AMX_ALERT_2_END=0
AMX_ALERT_3_URL=http://influxdb:9090/graph?g0.expr=absent%28container_memory_usage_bytes%7Binstance%3D%22121.40.208.124%3A8086%22%2Cname%3D%22DSPServer%22%7D%29&g0.tab=1
AMX_ALERT_4_END=0
AMX_ALERT_6_STATUS=resolved
AMX_ALERT_4_LABEL_name=DSPData
AMX_ALERT_5_LABEL_alertname=DSPDataNorthDown
SHLVL=1
AMX_ALERT_6_ANNOTATION_description=Instance= 121.42.136.35:8086, Service/Job =DSPResourced is down for more than 10 sec.
HOME=/root
AMX_ALERT_7_LABEL_name=DSPServer
AMX_ALERT_6_ANNOTATION_summary=Instance 121.42.136.35:8086 down
AMX_ALERT_1_LABEL_alertname=DSPDataMiddleDown
AMX_ALERT_7_LABEL_alertname=DSPServerNorthDown
AMX_ALERT_3_ANNOTATION_description=Instance= 121.40.208.124:8086, Service/Job =DSPServer is down for more than 10 sec.
AMX_ALERT_2_ANNOTATION_summary=Instance 121.40.208.124:8086 down
AMX_ALERT_1_END=0
AMX_ALERT_7_URL=http://influxdb:9090/graph?g0.expr=absent%28container_memory_usage_bytes%7Binstance%3D%22121.42.136.35%3A8086%22%2Cname%3D%22DSPServer%22%7D%29&g0.tab=1
AMX_ALERT_4_ANNOTATION_summary=Instance 121.41.31.197:8086 down
AMX_ALERT_2_LABEL_name=DSPResourced
AMX_ALERT_5_END=1559206323
AMX_ALERT_4_ANNOTATION_description=Instance= 121.41.31.197:8086, Service/Job =DSPData is down for more than 10 sec.
AMX_ALERT_4_LABEL_severity=page
AMX_ALERT_4_LABEL_instance=121.41.31.197:8086
AMX_ALERT_5_LABEL_name=DSPData
AMX_ALERT_6_LABEL_instance=121.42.136.35:8086
AMX_ALERT_2_LABEL_severity=page
AMX_ALERT_7_LABEL_instance=121.42.136.35:8086
AMX_ALERT_7_START=1559206083
AMX_RECEIVER=executor
AMX_ALERT_6_END=1559206323
AMX_STATUS=firing
_=/usr/bin/env
----------------------DSPDataMiddleDown------------------------
----------------------DSPResourcedMiddleDown------------------------
----------------------DSPServerMiddleDown------------------------
----------------------DSPDataTestDown------------------------
----------------------DSPDataNorthDown------------------------
----------------------DSPResourcedNorthDown------------------------
----------------------DSPServerNorthDown------------------------
HOSTNAME=iZbp13qv7dfxfuxzm9jr9mZ
AMX_EXTERNAL_URL=
AMX_ALERT_LEN=0
PATH=/usr/local/sbin:/usr/local/bin:/usr/sbin:/usr/bin:/sbin:/bin
PWD=/
SHLVL=1
HOME=/root
AMX_RECEIVER=
AMX_STATUS=
_=/usr/bin/env
AMX_ALERT_3_LABEL_name=DSPServer
AMX_ALERT_2_LABEL_alertname=DSPResourcedMiddleDown
HOSTNAME=iZbp13qv7dfxfuxzm9jr9mZ
AMX_ALERT_1_ANNOTATION_description=Instance= 121.40.208.124:8086, Service/Job =DSPData is down for more than 10 sec.
AMX_ALERT_3_LABEL_severity=page
AMX_ALERT_1_START=1558973798
AMX_LABEL_severity=page
AMX_ALERT_1_STATUS=resolved
AMX_ALERT_3_ANNOTATION_summary=Instance 121.40.208.124:8086 down
AMX_ALERT_1_LABEL_instance=121.40.208.124:8086
AMX_ALERT_4_URL=http://influxdb:9090/graph?g0.expr=absent%28container_memory_usage_bytes%7Binstance%3D%22121.41.31.197%3A8086%22%2Cname%3D%22DSPData%22%7D%29&g0.tab=1
AMX_ALERT_2_STATUS=resolved
AMX_ALERT_2_ANNOTATION_description=Instance= 121.40.208.124:8086, Service/Job =DSPResourced is down for more than 10 sec.
AMX_ALERT_1_ANNOTATION_summary=Instance 121.40.208.124:8086 down
AMX_ALERT_2_START=1559207598
AMX_ALERT_2_URL=http://influxdb:9090/graph?g0.expr=absent%28container_memory_usage_bytes%7Binstance%3D%22121.40.208.124%3A8086%22%2Cname%3D%22DSPResourced%22%7D%29&g0.tab=1
AMX_ALERT_3_END=1559207603
AMX_ALERT_2_LABEL_instance=121.40.208.124:8086
AMX_ALERT_1_LABEL_severity=page
AMX_ALERT_4_LABEL_alertname=DSPDataTestDown
AMX_ALERT_4_START=1559040403
AMX_ALERT_4_STATUS=firing
AMX_EXTERNAL_URL=http://iZbp13qv7dfxfuxzm9jr9mZ:9093
AMX_ALERT_1_LABEL_name=DSPData
AMX_ALERT_LEN=4
PATH=/usr/local/sbin:/usr/local/bin:/usr/sbin:/usr/bin:/sbin:/bin
AMX_ALERT_3_START=1559207588
AMX_ALERT_1_URL=http://influxdb:9090/graph?g0.expr=absent%28container_memory_usage_bytes%7Binstance%3D%22121.40.208.124%3A8086%22%2Cname%3D%22DSPData%22%7D%29&g0.tab=1
PWD=/
AMX_ALERT_3_STATUS=resolved
AMX_ALERT_3_LABEL_alertname=DSPServerMiddleDown
AMX_ALERT_3_LABEL_instance=121.40.208.124:8086
AMX_ALERT_2_END=1559207603
AMX_ALERT_3_URL=http://influxdb:9090/graph?g0.expr=absent%28container_memory_usage_bytes%7Binstance%3D%22121.40.208.124%3A8086%22%2Cname%3D%22DSPServer%22%7D%29&g0.tab=1
AMX_ALERT_4_END=0
AMX_ALERT_4_LABEL_name=DSPData
SHLVL=1
HOME=/root
AMX_ALERT_1_LABEL_alertname=DSPDataMiddleDown
AMX_ALERT_3_ANNOTATION_description=Instance= 121.40.208.124:8086, Service/Job =DSPServer is down for more than 10 sec.
AMX_ALERT_2_ANNOTATION_summary=Instance 121.40.208.124:8086 down
AMX_ALERT_1_END=1559207448
AMX_ALERT_4_ANNOTATION_summary=Instance 121.41.31.197:8086 down
AMX_ALERT_2_LABEL_name=DSPResourced
AMX_ALERT_4_ANNOTATION_description=Instance= 121.41.31.197:8086, Service/Job =DSPData is down for more than 10 sec.
AMX_ALERT_4_LABEL_severity=page
AMX_ALERT_4_LABEL_instance=121.41.31.197:8086
AMX_ALERT_2_LABEL_severity=page
AMX_RECEIVER=executor
AMX_STATUS=firing
_=/usr/bin/env
----------------------DSPDataMiddleDown------------------------
----------------------DSPResourcedMiddleDown------------------------
----------------------DSPServerMiddleDown------------------------
----------------------DSPDataTestDown------------------------
AMX_ANNOTATION_description=Instance= 121.41.31.197:8086, Service/Job =DSPData is down for more than 10 sec.
HOSTNAME=iZbp13qv7dfxfuxzm9jr9mZ
AMX_ALERT_1_ANNOTATION_description=Instance= 121.41.31.197:8086, Service/Job =DSPData is down for more than 10 sec.
AMX_LABEL_instance=121.41.31.197:8086
AMX_ALERT_1_START=1559040403
AMX_LABEL_severity=page
AMX_ALERT_1_STATUS=firing
AMX_ALERT_1_LABEL_instance=121.41.31.197:8086
AMX_ALERT_1_ANNOTATION_summary=Instance 121.41.31.197:8086 down
AMX_LABEL_alertname=DSPDataTestDown
AMX_ALERT_1_LABEL_severity=page
AMX_EXTERNAL_URL=http://iZbp13qv7dfxfuxzm9jr9mZ:9093
AMX_ALERT_1_LABEL_name=DSPData
AMX_ALERT_LEN=1
PATH=/usr/local/sbin:/usr/local/bin:/usr/sbin:/usr/bin:/sbin:/bin
AMX_ALERT_1_URL=http://influxdb:9090/graph?g0.expr=absent%28container_memory_usage_bytes%7Binstance%3D%22121.41.31.197%3A8086%22%2Cname%3D%22DSPData%22%7D%29&g0.tab=1
PWD=/
AMX_ANNOTATION_summary=Instance 121.41.31.197:8086 down
AMX_LABEL_name=DSPData
SHLVL=1
HOME=/root
AMX_ALERT_1_LABEL_alertname=DSPDataTestDown
AMX_ALERT_1_END=0
AMX_RECEIVER=executor
AMX_STATUS=firing
_=/usr/bin/env
----------------------DSPDataTestDown------------------------
HOSTNAME=iZbp13qv7dfxfuxzm9jr9mZ
AMX_EXTERNAL_URL=
AMX_ALERT_LEN=0
PATH=/usr/local/sbin:/usr/local/bin:/usr/sbin:/usr/bin:/sbin:/bin
PWD=/
SHLVL=1
HOME=/root
AMX_RECEIVER=
AMX_STATUS=
_=/usr/bin/env
HOSTNAME=iZbp13qv7dfxfuxzm9jr9mZ
AMX_EXTERNAL_URL=
AMX_ALERT_LEN=0
PATH=/usr/local/sbin:/usr/local/bin:/usr/sbin:/usr/bin:/sbin:/bin
PWD=/
SHLVL=1
HOME=/root
AMX_RECEIVER=
AMX_STATUS=
_=/usr/bin/env
AMX_ANNOTATION_description=Instance= 121.41.31.197:8086, Service/Job =DSPData is down for more than 10 sec.
HOSTNAME=iZbp13qv7dfxfuxzm9jr9mZ
AMX_ALERT_1_ANNOTATION_description=Instance= 121.41.31.197:8086, Service/Job =DSPData is down for more than 10 sec.
AMX_LABEL_instance=121.41.31.197:8086
AMX_ALERT_1_START=1559040403
AMX_LABEL_severity=page
AMX_ALERT_1_STATUS=resolved
AMX_ALERT_1_LABEL_instance=121.41.31.197:8086
AMX_ALERT_1_ANNOTATION_summary=Instance 121.41.31.197:8086 down
AMX_LABEL_alertname=DSPDataTestDown
AMX_ALERT_1_LABEL_severity=page
AMX_EXTERNAL_URL=http://iZbp13qv7dfxfuxzm9jr9mZ:9093
AMX_ALERT_1_LABEL_name=DSPData
AMX_ALERT_LEN=1
PATH=/usr/local/sbin:/usr/local/bin:/usr/sbin:/usr/bin:/sbin:/bin
AMX_ALERT_1_URL=http://influxdb:9090/graph?g0.expr=absent%28container_memory_usage_bytes%7Binstance%3D%22121.41.31.197%3A8086%22%2Cname%3D%22DSPData%22%7D%29&g0.tab=1
PWD=/
AMX_ANNOTATION_summary=Instance 121.41.31.197:8086 down
AMX_LABEL_name=DSPData
SHLVL=1
HOME=/root
AMX_ALERT_1_LABEL_alertname=DSPDataTestDown
AMX_ALERT_1_END=1559225698
AMX_RECEIVER=executor
AMX_STATUS=resolved
_=/usr/bin/env
HOSTNAME=iZbp13qv7dfxfuxzm9jr9mZ
AMX_EXTERNAL_URL=
AMX_ALERT_LEN=0
PATH=/usr/local/sbin:/usr/local/bin:/usr/sbin:/usr/bin:/sbin:/bin
PWD=/
SHLVL=1
HOME=/root
AMX_RECEIVER=
AMX_STATUS=
_=/usr/bin/env
HOSTNAME=iZbp13qv7dfxfuxzm9jr9mZ
AMX_EXTERNAL_URL=
AMX_ALERT_LEN=0
PATH=/usr/local/sbin:/usr/local/bin:/usr/sbin:/usr/bin:/sbin:/bin
PWD=/
SHLVL=1
HOME=/root
AMX_RECEIVER=
AMX_STATUS=
_=/usr/bin/env
HOSTNAME=iZbp13qv7dfxfuxzm9jr9mZ
AMX_EXTERNAL_URL=
AMX_ALERT_LEN=0
PATH=/usr/local/sbin:/usr/local/bin:/usr/sbin:/usr/bin:/sbin:/bin
PWD=/
SHLVL=1
HOME=/root
AMX_RECEIVER=
AMX_STATUS=
_=/usr/bin/env
HOSTNAME=iZbp13qv7dfxfuxzm9jr9mZ
AMX_EXTERNAL_URL=
AMX_ALERT_LEN=0
PATH=/usr/local/sbin:/usr/local/bin:/usr/sbin:/usr/bin:/sbin:/bin
PWD=/
SHLVL=1
HOME=/root
AMX_RECEIVER=
AMX_STATUS=
_=/usr/bin/env
HOSTNAME=iZbp13qv7dfxfuxzm9jr9mZ
AMX_EXTERNAL_URL=
AMX_ALERT_LEN=0
PATH=/usr/local/sbin:/usr/local/bin:/usr/sbin:/usr/bin:/sbin:/bin
PWD=/
SHLVL=1
HOME=/root
AMX_RECEIVER=
AMX_STATUS=
_=/usr/bin/env
AMX_ANNOTATION_description=Instance= 121.41.31.197:8086, Service/Job =DSPData is down for more than 10 sec.
HOSTNAME=iZbp13qv7dfxfuxzm9jr9mZ
AMX_ALERT_1_ANNOTATION_description=Instance= 121.41.31.197:8086, Service/Job =DSPData is down for more than 10 sec.
AMX_LABEL_instance=121.41.31.197:8086
AMX_ALERT_1_START=1559270353
AMX_LABEL_severity=page
AMX_ALERT_1_STATUS=firing
AMX_ALERT_1_LABEL_instance=121.41.31.197:8086
AMX_ALERT_1_ANNOTATION_summary=Instance 121.41.31.197:8086 down
AMX_LABEL_alertname=DSPDataTestDown
AMX_ALERT_1_LABEL_severity=page
AMX_EXTERNAL_URL=http://iZbp13qv7dfxfuxzm9jr9mZ:9093
AMX_ALERT_1_LABEL_name=DSPData
AMX_ALERT_LEN=1
PATH=/usr/local/sbin:/usr/local/bin:/usr/sbin:/usr/bin:/sbin:/bin
AMX_ALERT_1_URL=http://influxdb:9090/graph?g0.expr=absent%28container_memory_usage_bytes%7Binstance%3D%22121.41.31.197%3A8086%22%2Cname%3D%22DSPData%22%7D%29&g0.tab=1
PWD=/
AMX_ANNOTATION_summary=Instance 121.41.31.197:8086 down
AMX_LABEL_name=DSPData
SHLVL=1
HOME=/root
AMX_ALERT_1_LABEL_alertname=DSPDataTestDown
AMX_ALERT_1_END=0
AMX_RECEIVER=executor
AMX_STATUS=firing
_=/usr/bin/env
----------------------DSPDataTestDown------------------------
AMX_ANNOTATION_description=Instance= 121.41.31.197:8086, Service/Job =DSPData is down for more than 10 sec.
HOSTNAME=iZbp13qv7dfxfuxzm9jr9mZ
AMX_ALERT_1_ANNOTATION_description=Instance= 121.41.31.197:8086, Service/Job =DSPData is down for more than 10 sec.
AMX_LABEL_instance=121.41.31.197:8086
AMX_ALERT_1_START=1559270353
AMX_LABEL_severity=page
AMX_ALERT_1_STATUS=resolved
AMX_ALERT_1_LABEL_instance=121.41.31.197:8086
AMX_ALERT_1_ANNOTATION_summary=Instance 121.41.31.197:8086 down
AMX_LABEL_alertname=DSPDataTestDown
AMX_ALERT_1_LABEL_severity=page
AMX_EXTERNAL_URL=http://iZbp13qv7dfxfuxzm9jr9mZ:9093
AMX_ALERT_1_LABEL_name=DSPData
AMX_ALERT_LEN=1
PATH=/usr/local/sbin:/usr/local/bin:/usr/sbin:/usr/bin:/sbin:/bin
AMX_ALERT_1_URL=http://influxdb:9090/graph?g0.expr=absent%28container_memory_usage_bytes%7Binstance%3D%22121.41.31.197%3A8086%22%2Cname%3D%22DSPData%22%7D%29&g0.tab=1
PWD=/
AMX_ANNOTATION_summary=Instance 121.41.31.197:8086 down
AMX_LABEL_name=DSPData
SHLVL=1
HOME=/root
AMX_ALERT_1_LABEL_alertname=DSPDataTestDown
AMX_ALERT_1_END=1559270443
AMX_RECEIVER=executor
AMX_STATUS=resolved
_=/usr/bin/env
HOSTNAME=iZbp13qv7dfxfuxzm9jr9mZ
AMX_EXTERNAL_URL=
AMX_ALERT_LEN=0
PATH=/usr/local/sbin:/usr/local/bin:/usr/sbin:/usr/bin:/sbin:/bin
PWD=/
SHLVL=1
HOME=/root
AMX_RECEIVER=
AMX_STATUS=
_=/usr/bin/env
HOSTNAME=iZbp13qv7dfxfuxzm9jr9mZ
AMX_EXTERNAL_URL=
AMX_ALERT_LEN=0
PATH=/usr/local/sbin:/usr/local/bin:/usr/sbin:/usr/bin:/sbin:/bin
PWD=/
SHLVL=1
HOME=/root
AMX_RECEIVER=
AMX_STATUS=
_=/usr/bin/env
HOSTNAME=iZbp13qv7dfxfuxzm9jr9mZ
AMX_EXTERNAL_URL=
AMX_ALERT_LEN=0
PATH=/usr/local/sbin:/usr/local/bin:/usr/sbin:/usr/bin:/sbin:/bin
PWD=/
SHLVL=1
HOME=/root
AMX_RECEIVER=
AMX_STATUS=
_=/usr/bin/env
HOSTNAME=iZbp13qv7dfxfuxzm9jr9mZ
AMX_EXTERNAL_URL=
AMX_ALERT_LEN=0
PATH=/usr/local/sbin:/usr/local/bin:/usr/sbin:/usr/bin:/sbin:/bin
PWD=/
SHLVL=1
HOME=/root
AMX_RECEIVER=
AMX_STATUS=
_=/usr/bin/env
HOSTNAME=iZbp13qv7dfxfuxzm9jr9mZ
AMX_EXTERNAL_URL=
AMX_ALERT_LEN=0
PATH=/usr/local/sbin:/usr/local/bin:/usr/sbin:/usr/bin:/sbin:/bin
PWD=/
SHLVL=1
HOME=/root
AMX_RECEIVER=
AMX_STATUS=
_=/usr/bin/env
HOSTNAME=iZbp13qv7dfxfuxzm9jr9mZ
AMX_EXTERNAL_URL=
AMX_ALERT_LEN=0
PATH=/usr/local/sbin:/usr/local/bin:/usr/sbin:/usr/bin:/sbin:/bin
PWD=/
SHLVL=1
HOME=/root
AMX_RECEIVER=
AMX_STATUS=
_=/usr/bin/env
HOSTNAME=iZbp13qv7dfxfuxzm9jr9mZ
AMX_EXTERNAL_URL=
AMX_ALERT_LEN=0
PATH=/usr/local/sbin:/usr/local/bin:/usr/sbin:/usr/bin:/sbin:/bin
PWD=/
SHLVL=1
HOME=/root
AMX_RECEIVER=
AMX_STATUS=
_=/usr/bin/env
HOSTNAME=iZbp13qv7dfxfuxzm9jr9mZ
AMX_EXTERNAL_URL=
AMX_ALERT_LEN=0
PATH=/usr/local/sbin:/usr/local/bin:/usr/sbin:/usr/bin:/sbin:/bin
PWD=/
SHLVL=1
HOME=/root
AMX_RECEIVER=
AMX_STATUS=
_=/usr/bin/env
HOSTNAME=iZbp13qv7dfxfuxzm9jr9mZ
AMX_EXTERNAL_URL=
AMX_ALERT_LEN=0
PATH=/usr/local/sbin:/usr/local/bin:/usr/sbin:/usr/bin:/sbin:/bin
PWD=/
SHLVL=1
HOME=/root
AMX_RECEIVER=
AMX_STATUS=
_=/usr/bin/env
HOSTNAME=iZbp13qv7dfxfuxzm9jr9mZ
AMX_EXTERNAL_URL=
AMX_ALERT_LEN=0
PATH=/usr/local/sbin:/usr/local/bin:/usr/sbin:/usr/bin:/sbin:/bin
PWD=/
SHLVL=1
HOME=/root
AMX_RECEIVER=
AMX_STATUS=
_=/usr/bin/env
AMX_ANNOTATION_description=Instance= 121.40.208.124:8086, Service/Job =DSPServer is down for more than 10 sec.
HOSTNAME=iZbp13qv7dfxfuxzm9jr9mZ
AMX_ALERT_1_ANNOTATION_description=Instance= 121.40.208.124:8086, Service/Job =DSPServer is down for more than 10 sec.
AMX_LABEL_instance=121.40.208.124:8086
AMX_ALERT_1_START=1559305603
AMX_LABEL_severity=page
AMX_ALERT_1_STATUS=firing
AMX_ALERT_1_LABEL_instance=121.40.208.124:8086
AMX_ALERT_1_ANNOTATION_summary=Instance 121.40.208.124:8086 down
AMX_LABEL_alertname=DSPServerMiddleDown
AMX_ALERT_1_LABEL_severity=page
AMX_EXTERNAL_URL=http://iZbp13qv7dfxfuxzm9jr9mZ:9093
AMX_ALERT_1_LABEL_name=DSPServer
AMX_ALERT_LEN=1
PATH=/usr/local/sbin:/usr/local/bin:/usr/sbin:/usr/bin:/sbin:/bin
AMX_ALERT_1_URL=http://influxdb:9090/graph?g0.expr=absent%28container_memory_usage_bytes%7Binstance%3D%22121.40.208.124%3A8086%22%2Cname%3D%22DSPServer%22%7D%29&g0.tab=1
PWD=/
AMX_ANNOTATION_summary=Instance 121.40.208.124:8086 down
AMX_LABEL_name=DSPServer
SHLVL=1
HOME=/root
AMX_ALERT_1_LABEL_alertname=DSPServerMiddleDown
AMX_ALERT_1_END=0
AMX_RECEIVER=executor
AMX_STATUS=firing
_=/usr/bin/env
----------------------DSPServerMiddleDown------------------------
AMX_ANNOTATION_description=Instance= 121.40.208.124:8086, Service/Job =DSPServer is down for more than 10 sec.
HOSTNAME=iZbp13qv7dfxfuxzm9jr9mZ
AMX_ALERT_1_ANNOTATION_description=Instance= 121.40.208.124:8086, Service/Job =DSPServer is down for more than 10 sec.
AMX_LABEL_instance=121.40.208.124:8086
AMX_ALERT_1_START=1559305603
AMX_LABEL_severity=page
AMX_ALERT_1_STATUS=resolved
AMX_ALERT_1_LABEL_instance=121.40.208.124:8086
AMX_ALERT_1_ANNOTATION_summary=Instance 121.40.208.124:8086 down
AMX_LABEL_alertname=DSPServerMiddleDown
AMX_ALERT_1_LABEL_severity=page
AMX_EXTERNAL_URL=http://iZbp13qv7dfxfuxzm9jr9mZ:9093
AMX_ALERT_1_LABEL_name=DSPServer
AMX_ALERT_LEN=1
PATH=/usr/local/sbin:/usr/local/bin:/usr/sbin:/usr/bin:/sbin:/bin
AMX_ALERT_1_URL=http://influxdb:9090/graph?g0.expr=absent%28container_memory_usage_bytes%7Binstance%3D%22121.40.208.124%3A8086%22%2Cname%3D%22DSPServer%22%7D%29&g0.tab=1
PWD=/
AMX_ANNOTATION_summary=Instance 121.40.208.124:8086 down
AMX_LABEL_name=DSPServer
SHLVL=1
HOME=/root
AMX_ALERT_1_LABEL_alertname=DSPServerMiddleDown
AMX_ALERT_1_END=1559305773
AMX_RECEIVER=executor
AMX_STATUS=resolved
_=/usr/bin/env
AMX_ANNOTATION_description=Instance= 121.40.208.124:8086, Service/Job =DSPServer is down for more than 10 sec.
HOSTNAME=iZbp13qv7dfxfuxzm9jr9mZ
AMX_ALERT_1_ANNOTATION_description=Instance= 121.40.208.124:8086, Service/Job =DSPServer is down for more than 10 sec.
AMX_LABEL_instance=121.40.208.124:8086
AMX_ALERT_1_START=1559306738
AMX_LABEL_severity=page
AMX_ALERT_1_STATUS=firing
AMX_ALERT_1_LABEL_instance=121.40.208.124:8086
AMX_ALERT_1_ANNOTATION_summary=Instance 121.40.208.124:8086 down
AMX_LABEL_alertname=DSPServerMiddleDown
AMX_ALERT_1_LABEL_severity=page
AMX_EXTERNAL_URL=http://iZbp13qv7dfxfuxzm9jr9mZ:9093
AMX_ALERT_1_LABEL_name=DSPServer
AMX_ALERT_LEN=1
PATH=/usr/local/sbin:/usr/local/bin:/usr/sbin:/usr/bin:/sbin:/bin
AMX_ALERT_1_URL=http://influxdb:9090/graph?g0.expr=absent%28container_memory_usage_bytes%7Binstance%3D%22121.40.208.124%3A8086%22%2Cname%3D%22DSPServer%22%7D%29&g0.tab=1
PWD=/
AMX_ANNOTATION_summary=Instance 121.40.208.124:8086 down
AMX_LABEL_name=DSPServer
SHLVL=1
HOME=/root
AMX_ALERT_1_LABEL_alertname=DSPServerMiddleDown
AMX_ALERT_1_END=0
AMX_RECEIVER=executor
AMX_STATUS=firing
_=/usr/bin/env
----------------------DSPServerMiddleDown------------------------
AMX_ALERT_2_LABEL_alertname=DSPServerMiddleDown
HOSTNAME=iZbp13qv7dfxfuxzm9jr9mZ
AMX_ALERT_1_ANNOTATION_description=Instance= 121.40.208.124:8086, Service/Job =DSPResourced is down for more than 10 sec.
AMX_LABEL_instance=121.40.208.124:8086
AMX_ALERT_1_START=1559308193
AMX_LABEL_severity=page
AMX_ALERT_1_STATUS=firing
AMX_ALERT_1_LABEL_instance=121.40.208.124:8086
AMX_ALERT_2_STATUS=firing
AMX_ALERT_2_ANNOTATION_description=Instance= 121.40.208.124:8086, Service/Job =DSPServer is down for more than 10 sec.
AMX_ALERT_1_ANNOTATION_summary=Instance 121.40.208.124:8086 down
AMX_ALERT_2_START=1559306738
AMX_ALERT_2_URL=http://influxdb:9090/graph?g0.expr=absent%28container_memory_usage_bytes%7Binstance%3D%22121.40.208.124%3A8086%22%2Cname%3D%22DSPServer%22%7D%29&g0.tab=1
AMX_ALERT_2_LABEL_instance=121.40.208.124:8086
AMX_ALERT_1_LABEL_severity=page
AMX_EXTERNAL_URL=http://iZbp13qv7dfxfuxzm9jr9mZ:9093
AMX_ALERT_1_LABEL_name=DSPResourced
AMX_ALERT_LEN=2
PATH=/usr/local/sbin:/usr/local/bin:/usr/sbin:/usr/bin:/sbin:/bin
AMX_ALERT_1_URL=http://influxdb:9090/graph?g0.expr=absent%28container_memory_usage_bytes%7Binstance%3D%22121.40.208.124%3A8086%22%2Cname%3D%22DSPResourced%22%7D%29&g0.tab=1
PWD=/
AMX_ANNOTATION_summary=Instance 121.40.208.124:8086 down
AMX_ALERT_2_END=0
SHLVL=1
HOME=/root
AMX_ALERT_1_LABEL_alertname=DSPResourcedMiddleDown
AMX_ALERT_2_ANNOTATION_summary=Instance 121.40.208.124:8086 down
AMX_ALERT_1_END=0
AMX_ALERT_2_LABEL_name=DSPServer
AMX_ALERT_2_LABEL_severity=page
AMX_RECEIVER=executor
AMX_STATUS=firing
_=/usr/bin/env
----------------------DSPResourcedMiddleDown------------------------
----------------------DSPServerMiddleDown------------------------
AMX_ANNOTATION_description=Instance= 121.40.208.124:8086, Service/Job =DSPResourced is down for more than 10 sec.
HOSTNAME=iZbp13qv7dfxfuxzm9jr9mZ
AMX_ALERT_1_ANNOTATION_description=Instance= 121.40.208.124:8086, Service/Job =DSPResourced is down for more than 10 sec.
AMX_LABEL_instance=121.40.208.124:8086
AMX_ALERT_1_START=1559308193
AMX_LABEL_severity=page
AMX_ALERT_1_STATUS=resolved
AMX_ALERT_1_LABEL_instance=121.40.208.124:8086
AMX_ALERT_1_ANNOTATION_summary=Instance 121.40.208.124:8086 down
AMX_LABEL_alertname=DSPResourcedMiddleDown
AMX_ALERT_1_LABEL_severity=page
AMX_EXTERNAL_URL=http://iZbp13qv7dfxfuxzm9jr9mZ:9093
AMX_ALERT_1_LABEL_name=DSPResourced
AMX_ALERT_LEN=1
PATH=/usr/local/sbin:/usr/local/bin:/usr/sbin:/usr/bin:/sbin:/bin
AMX_ALERT_1_URL=http://influxdb:9090/graph?g0.expr=absent%28container_memory_usage_bytes%7Binstance%3D%22121.40.208.124%3A8086%22%2Cname%3D%22DSPResourced%22%7D%29&g0.tab=1
PWD=/
AMX_ANNOTATION_summary=Instance 121.40.208.124:8086 down
AMX_LABEL_name=DSPResourced
SHLVL=1
HOME=/root
AMX_ALERT_1_LABEL_alertname=DSPResourcedMiddleDown
AMX_ALERT_1_END=1559308503
AMX_RECEIVER=executor
AMX_STATUS=resolved
_=/usr/bin/env
HOSTNAME=iZbp13qv7dfxfuxzm9jr9mZ
AMX_EXTERNAL_URL=
AMX_ALERT_LEN=0
PATH=/usr/local/sbin:/usr/local/bin:/usr/sbin:/usr/bin:/sbin:/bin
PWD=/
SHLVL=1
HOME=/root
AMX_RECEIVER=
AMX_STATUS=
_=/usr/bin/env
HOSTNAME=iZbp13qv7dfxfuxzm9jr9mZ
AMX_EXTERNAL_URL=
AMX_ALERT_LEN=0
PATH=/usr/local/sbin:/usr/local/bin:/usr/sbin:/usr/bin:/sbin:/bin
PWD=/
SHLVL=1
HOME=/root
AMX_RECEIVER=
AMX_STATUS=
_=/usr/bin/env
HOSTNAME=iZbp13qv7dfxfuxzm9jr9mZ
AMX_EXTERNAL_URL=
AMX_ALERT_LEN=0
PATH=/usr/local/sbin:/usr/local/bin:/usr/sbin:/usr/bin:/sbin:/bin
PWD=/
SHLVL=1
HOME=/root
AMX_RECEIVER=
AMX_STATUS=
_=/usr/bin/env
HOSTNAME=iZbp13qv7dfxfuxzm9jr9mZ
AMX_EXTERNAL_URL=
AMX_ALERT_LEN=0
PATH=/usr/local/sbin:/usr/local/bin:/usr/sbin:/usr/bin:/sbin:/bin
PWD=/
SHLVL=1
HOME=/root
AMX_RECEIVER=
AMX_STATUS=
_=/usr/bin/env
HOSTNAME=iZbp13qv7dfxfuxzm9jr9mZ
AMX_EXTERNAL_URL=
AMX_ALERT_LEN=0
PATH=/usr/local/sbin:/usr/local/bin:/usr/sbin:/usr/bin:/sbin:/bin
PWD=/
SHLVL=1
HOME=/root
AMX_RECEIVER=
AMX_STATUS=
_=/usr/bin/env
HOSTNAME=iZbp13qv7dfxfuxzm9jr9mZ
AMX_EXTERNAL_URL=
AMX_ALERT_LEN=0
PATH=/usr/local/sbin:/usr/local/bin:/usr/sbin:/usr/bin:/sbin:/bin
PWD=/
SHLVL=1
HOME=/root
AMX_RECEIVER=
AMX_STATUS=
_=/usr/bin/env
HOSTNAME=iZbp13qv7dfxfuxzm9jr9mZ
AMX_EXTERNAL_URL=
AMX_ALERT_LEN=0
PATH=/usr/local/sbin:/usr/local/bin:/usr/sbin:/usr/bin:/sbin:/bin
PWD=/
SHLVL=1
HOME=/root
AMX_RECEIVER=
AMX_STATUS=
_=/usr/bin/env
HOSTNAME=iZbp13qv7dfxfuxzm9jr9mZ
AMX_EXTERNAL_URL=
AMX_ALERT_LEN=0
PATH=/usr/local/sbin:/usr/local/bin:/usr/sbin:/usr/bin:/sbin:/bin
PWD=/
SHLVL=1
HOME=/root
AMX_RECEIVER=
AMX_STATUS=
_=/usr/bin/env
HOSTNAME=iZbp13qv7dfxfuxzm9jr9mZ
AMX_EXTERNAL_URL=
AMX_ALERT_LEN=0
PATH=/usr/local/sbin:/usr/local/bin:/usr/sbin:/usr/bin:/sbin:/bin
PWD=/
SHLVL=1
HOME=/root
AMX_RECEIVER=
AMX_STATUS=
_=/usr/bin/env
HOSTNAME=iZbp13qv7dfxfuxzm9jr9mZ
AMX_EXTERNAL_URL=
AMX_ALERT_LEN=0
PATH=/usr/local/sbin:/usr/local/bin:/usr/sbin:/usr/bin:/sbin:/bin
PWD=/
SHLVL=1
HOME=/root
AMX_RECEIVER=
AMX_STATUS=
_=/usr/bin/env
HOSTNAME=iZbp13qv7dfxfuxzm9jr9mZ
AMX_EXTERNAL_URL=
AMX_ALERT_LEN=0
PATH=/usr/local/sbin:/usr/local/bin:/usr/sbin:/usr/bin:/sbin:/bin
PWD=/
SHLVL=1
HOME=/root
AMX_RECEIVER=
AMX_STATUS=
_=/usr/bin/env
HOSTNAME=iZbp13qv7dfxfuxzm9jr9mZ
AMX_EXTERNAL_URL=
AMX_ALERT_LEN=0
PATH=/usr/local/sbin:/usr/local/bin:/usr/sbin:/usr/bin:/sbin:/bin
PWD=/
SHLVL=1
HOME=/root
AMX_RECEIVER=
AMX_STATUS=
_=/usr/bin/env
HOSTNAME=iZbp13qv7dfxfuxzm9jr9mZ
AMX_EXTERNAL_URL=
AMX_ALERT_LEN=0
PATH=/usr/local/sbin:/usr/local/bin:/usr/sbin:/usr/bin:/sbin:/bin
PWD=/
SHLVL=1
HOME=/root
AMX_RECEIVER=
AMX_STATUS=
_=/usr/bin/env
HOSTNAME=iZbp13qv7dfxfuxzm9jr9mZ
AMX_EXTERNAL_URL=
AMX_ALERT_LEN=0
PATH=/usr/local/sbin:/usr/local/bin:/usr/sbin:/usr/bin:/sbin:/bin
PWD=/
SHLVL=1
HOME=/root
AMX_RECEIVER=
AMX_STATUS=
_=/usr/bin/env
HOSTNAME=iZbp13qv7dfxfuxzm9jr9mZ
AMX_EXTERNAL_URL=
AMX_ALERT_LEN=0
PATH=/usr/local/sbin:/usr/local/bin:/usr/sbin:/usr/bin:/sbin:/bin
PWD=/
SHLVL=1
HOME=/root
AMX_RECEIVER=
AMX_STATUS=
_=/usr/bin/env
HOSTNAME=iZbp13qv7dfxfuxzm9jr9mZ
AMX_EXTERNAL_URL=
AMX_ALERT_LEN=0
PATH=/usr/local/sbin:/usr/local/bin:/usr/sbin:/usr/bin:/sbin:/bin
PWD=/
SHLVL=1
HOME=/root
AMX_RECEIVER=
AMX_STATUS=
_=/usr/bin/env
